#
# There is insufficient memory for the Java Runtime Environment to continue.
# Native memory allocation (mmap) failed to map 56623104 bytes for G1 virtual space
# Possible reasons:
#   The system is out of physical RAM or swap space
#   The process is running with CompressedOops enabled, and the Java Heap may be blocking the growth of the native heap
# Possible solutions:
#   Reduce memory load on the system
#   Increase physical memory or swap space
#   Check if swap backing store is full
#   Decrease Java heap size (-Xmx/-Xms)
#   Decrease number of Java threads
#   Decrease Java thread stack sizes (-Xss)
#   Set larger code cache with -XX:ReservedCodeCacheSize=
#   JVM is running with Unscaled Compressed Oops mode in which the Java heap is
#     placed in the first 4GB address space. The Java Heap base address is the
#     maximum limit for the native heap growth. Please use -XX:HeapBaseMinAddress
#     to set the Java Heap base and to place the Java Heap above 4GB virtual address.
# This output file may be truncated or incomplete.
#
#  Out of Memory Error (./open/src/hotspot/os/windows/os_windows.cpp:3472), pid=11252, tid=13932
#
# JRE version: OpenJDK Runtime Environment (15.0.1+9) (build 15.0.1+9-18)
# Java VM: OpenJDK 64-Bit Server VM (15.0.1+9-18, mixed mode, sharing, tiered, compressed oops, g1 gc, windows-amd64)
# No core dump will be written. Minidumps are not enabled by default on client versions of Windows
#

---------------  S U M M A R Y ------------

Command Line: --module-path=C:\Java\javafx\javafx-sdk-15.0.1\lib --add-modules=javafx.controls,javafx.fxml,javafx.media -javaagent:C:\Program Files\JetBrains\IntelliJ IDEA 2020.3\lib\idea_rt.jar=52572:C:\Program Files\JetBrains\IntelliJ IDEA 2020.3\bin -Dfile.encoding=UTF-8 MPlayer

Host: Intel(R) Core(TM) i5-2430M CPU @ 2.40GHz, 4 cores, 7G,  Windows 7 , 64 bit Build 7601 (6.1.7601.24548)
Time: Mon Dec 28 18:12:06 2020 RTZ 9 (ceia) elapsed time: 11.583353 seconds (0d 0h 0m 11s)

---------------  T H R E A D  ---------------

Current thread (0x00000000221ad000):  VMThread "VM Thread" [stack: 0x0000000022300000,0x0000000022400000] [id=13932]

Stack: [0x0000000022300000,0x0000000022400000]
[error occurred during error reporting (printing stack bounds), id 0xc0000005, EXCEPTION_ACCESS_VIOLATION (0xc0000005) at pc=0x000000000ae510ad]

Native frames: (J=compiled Java code, j=interpreted, Vv=VM code, C=native code)
V  [jvm.dll+0x62ae9a]
V  [jvm.dll+0x781389]
V  [jvm.dll+0x782ae3]
V  [jvm.dll+0x7830a5]
V  [jvm.dll+0x78305b]
V  [jvm.dll+0x62a2b9]
V  [jvm.dll+0x62aa88]
C  [ntdll.dll+0x6bead]
C  [ntdll.dll+0x4040a]
C  [ntdll.dll+0x6b54e]
C  0x000000000ae510ad

VM_Operation (0x000000003051ec10): G1CollectForAllocation, mode: safepoint, requested by thread 0x00000000242a96e0


---------------  P R O C E S S  ---------------

Threads class SMR info:
_java_thread_list=0x0000000023d5c670, length=23, elements={
0x0000000000341640, 0x00000000221c1fa0, 0x00000000221c2a80, 0x00000000221e2580,
0x00000000221e2e40, 0x00000000221e3700, 0x00000000221e52f0, 0x00000000221eb940,
0x00000000221ec240, 0x000000002219b030, 0x0000000023e8f860, 0x0000000023e8d0b0,
0x0000000023f9c990, 0x00000000247fc610, 0x0000000024860eb0, 0x00000000247e5530,
0x0000000023eab380, 0x00000000242a7060, 0x00000000242a7530, 0x00000000242a7a00,
0x00000000242a83a0, 0x00000000242a8870, 0x00000000242a96e0
}

Java Threads: ( => current thread )
  0x0000000000341640 JavaThread "main" [_thread_blocked, id=10200, stack(0x0000000002340000,0x0000000002440000)]
  0x00000000221c1fa0 JavaThread "Reference Handler" daemon [_thread_blocked, id=6832, stack(0x0000000022410000,0x0000000022510000)]
  0x00000000221c2a80 JavaThread "Finalizer" daemon [_thread_blocked, id=3564, stack(0x00000000225a0000,0x00000000226a0000)]
  0x00000000221e2580 JavaThread "Signal Dispatcher" daemon [_thread_blocked, id=4656, stack(0x00000000226f0000,0x00000000227f0000)]
  0x00000000221e2e40 JavaThread "Attach Listener" daemon [_thread_blocked, id=9708, stack(0x0000000022960000,0x0000000022a60000)]
  0x00000000221e3700 JavaThread "Service Thread" daemon [_thread_blocked, id=6508, stack(0x0000000022bb0000,0x0000000022cb0000)]
  0x00000000221e52f0 JavaThread "C2 CompilerThread0" daemon [_thread_blocked, id=15108, stack(0x0000000022850000,0x0000000022950000)]
  0x00000000221eb940 JavaThread "C1 CompilerThread0" daemon [_thread_blocked, id=12552, stack(0x0000000022a80000,0x0000000022b80000)]
  0x00000000221ec240 JavaThread "Sweeper thread" daemon [_thread_blocked, id=7996, stack(0x0000000022d00000,0x0000000022e00000)]
  0x000000002219b030 JavaThread "Common-Cleaner" daemon [_thread_blocked, id=5440, stack(0x0000000023340000,0x0000000023440000)]
  0x0000000023e8f860 JavaThread "Monitor Ctrl-Break" daemon [_thread_in_native, id=11464, stack(0x0000000024f00000,0x0000000025000000)]
  0x0000000023e8d0b0 JavaThread "Notification Thread" daemon [_thread_blocked, id=11396, stack(0x0000000025110000,0x0000000025210000)]
  0x0000000023f9c990 JavaThread "QuantumRenderer-0" daemon [_thread_blocked, id=9328, stack(0x00000000253f0000,0x00000000254f0000)]
  0x00000000247fc610 JavaThread "InvokeLaterDispatcher" daemon [_thread_blocked, id=14680, stack(0x0000000025d10000,0x0000000025e10000)]
  0x0000000024860eb0 JavaThread "JavaFX Application Thread" [_thread_in_native, id=2172, stack(0x0000000025f10000,0x0000000026010000)]
  0x00000000247e5530 JavaThread "Thread-1" daemon [_thread_blocked, id=8080, stack(0x0000000027540000,0x0000000027640000)]
  0x0000000023eab380 JavaThread "JavaFX-Launcher" [_thread_blocked, id=7172, stack(0x00000000277f0000,0x00000000278f0000)]
  0x00000000242a7060 JavaThread "Thread-3" [_thread_blocked, id=6704, stack(0x0000000027c90000,0x0000000027d90000)]
  0x00000000242a7530 JavaThread "Prism Font Disposer" daemon [_thread_blocked, id=4920, stack(0x0000000029740000,0x0000000029840000)]
  0x00000000242a7a00 JavaThread "Cleaner-0" daemon [_thread_blocked, id=11992, stack(0x000000002a350000,0x000000002a450000)]
  0x00000000242a83a0 JavaThread "JFXMedia Player EventQueueThread" daemon [_thread_blocked, id=8232, stack(0x000000002fa30000,0x000000002fb30000)]
  0x00000000242a8870 JavaThread "Media Resource Disposer" daemon [_thread_blocked, id=14436, stack(0x0000000030680000,0x0000000030780000)]
  0x00000000242a96e0 JavaThread "Unknown thread" [_thread_blocked, id=7780, stack(0x0000000030420000,0x0000000030520000)]

Other Threads:
=>0x00000000221ad000 VMThread "VM Thread" [stack: 0x0000000022300000,0x0000000022400000] [id=13932]
  0x0000000023e8fd30 WatcherThread [stack: 0x0000000025220000,0x0000000025320000] [id=5448]
  0x000000000037e5a0 GCTaskThread "GC Thread#0" [stack: 0x000000001ec70000,0x000000001ed70000] [id=11184]
  0x0000000023b5c120 GCTaskThread "GC Thread#1" [stack: 0x0000000025a60000,0x0000000025b60000] [id=9028]
  0x0000000023b5c450 GCTaskThread "GC Thread#2" [stack: 0x0000000025930000,0x0000000025a30000] [id=14200]
  0x0000000023d4f070 GCTaskThread "GC Thread#3" [stack: 0x0000000027b70000,0x0000000027c70000] [id=7120]
  0x000000000038f180 ConcurrentGCThread "G1 Main Marker" [stack: 0x000000001ee60000,0x000000001ef60000] [id=11348]
  0x0000000000391140 ConcurrentGCThread "G1 Conc#0" [stack: 0x000000001efb0000,0x000000001f0b0000] [id=10996]
  0x0000000021330c50 ConcurrentGCThread "G1 Refine#0" [stack: 0x00000000215d0000,0x00000000216d0000] [id=11612]
  0x0000000021331760 ConcurrentGCThread "G1 Young RemSet Sampling" [stack: 0x00000000217c0000,0x00000000218c0000] [id=8624]

Threads with active compile tasks:

VM state: at safepoint (normal execution)

VM Mutex/Monitor currently owned by a thread:  ([mutex/lock_event])
[0x000000000033ecf0] Threads_lock - owner thread: 0x00000000221ad000
[0x000000000033f3b0] Heap_lock - owner thread: 0x00000000242a96e0

Heap address: 0x0000000082400000, size: 2012 MB, Compressed Oops mode: 32-bit
CDS archive(s) mapped at: [0x0000000800000000-0x0000000800b50000-0x0000000800b50000), size 11862016, SharedBaseAddress: 0x0000000800000000, ArchiveRelocationMode: 0.
Compressed class space mapped at: 0x0000000800b50000-0x0000000840b50000, size: 1073741824
Narrow klass base: 0x0000000800000000, Narrow klass shift: 3, Narrow klass range: 0x100000000

GC Precious Log:
 CPUs: 4 total, 4 available
 Memory: 8043M
 Large Page Support: Disabled
 NUMA Support: Disabled
 Compressed Oops: Enabled (32-bit)
 Heap Region Size: 1M
 Heap Min Capacity: 8M
 Heap Initial Capacity: 126M
 Heap Max Capacity: 2012M
 Pre-touch: Disabled
 Parallel Workers: 4
 Concurrent Workers: 1
 Concurrent Refinement Workers: 4
 Periodic GC: Disabled

Heap:
 garbage-first heap   total 331776K, used 10311K [0x0000000082400000, 0x0000000100000000)
  region size 1024K, 1 young (1024K), 1 survivors (1024K)
 Metaspace       used 15101K, capacity 16017K, committed 16128K, reserved 1062912K
  class space    used 2168K, capacity 2303K, committed 2304K, reserved 1048576K

Heap Regions: E=young(eden), S=young(survivor), O=old, HS=humongous(starts), HC=humongous(continues), CS=collection set, F=free, OA=open archive, CA=closed archive, TAMS=top-at-mark-start (previous, next)
|   0|0x0000000082400000, 0x0000000082500000, 0x0000000082500000|100%| O|  |TAMS 0x0000000082400000, 0x0000000082400000| Untracked 
|   1|0x0000000082500000, 0x0000000082600000, 0x0000000082600000|100%| O|  |TAMS 0x0000000082500000, 0x0000000082500000| Untracked 
|   2|0x0000000082600000, 0x0000000082700000, 0x0000000082700000|100%| O|  |TAMS 0x0000000082600000, 0x0000000082600000| Untracked 
|   3|0x0000000082700000, 0x0000000082800000, 0x0000000082800000|100%|HS|  |TAMS 0x0000000082700000, 0x0000000082700000| Complete 
|   4|0x0000000082800000, 0x0000000082900000, 0x0000000082900000|100%|HC|  |TAMS 0x0000000082800000, 0x0000000082800000| Complete 
|   5|0x0000000082900000, 0x0000000082a00000, 0x0000000082a00000|100%| O|  |TAMS 0x0000000082900000, 0x0000000082900000| Untracked 
|   6|0x0000000082a00000, 0x0000000082b00000, 0x0000000082b00000|100%| O|  |TAMS 0x0000000082a00000, 0x0000000082a00000| Untracked 
|   7|0x0000000082b00000, 0x0000000082c00000, 0x0000000082c00000|100%| O|  |TAMS 0x0000000082b00000, 0x0000000082b00000| Untracked 
|   8|0x0000000082c00000, 0x0000000082d00000, 0x0000000082d00000|100%| O|  |TAMS 0x0000000082c00000, 0x0000000082c00000| Untracked 
|   9|0x0000000082d00000, 0x0000000082e00000, 0x0000000082e00000|100%| O|  |TAMS 0x0000000082d00000, 0x0000000082d00000| Untracked 
|  10|0x0000000082e00000, 0x0000000082e0fe00, 0x0000000082f00000|  6%| O|  |TAMS 0x0000000082e00000, 0x0000000082e00000| Untracked 
|  11|0x0000000082f00000, 0x0000000082f00000, 0x0000000083000000|  0%| F|  |TAMS 0x0000000082f00000, 0x0000000082f00000| Untracked 
|  12|0x0000000083000000, 0x0000000083000000, 0x0000000083100000|  0%| F|  |TAMS 0x0000000083000000, 0x0000000083000000| Untracked 
|  13|0x0000000083100000, 0x0000000083100000, 0x0000000083200000|  0%| F|  |TAMS 0x0000000083100000, 0x0000000083100000| Untracked 
|  14|0x0000000083200000, 0x0000000083200000, 0x0000000083300000|  0%| F|  |TAMS 0x0000000083200000, 0x0000000083200000| Untracked 
|  15|0x0000000083300000, 0x0000000083300000, 0x0000000083400000|  0%| F|  |TAMS 0x0000000083300000, 0x0000000083300000| Untracked 
|  16|0x0000000083400000, 0x0000000083400000, 0x0000000083500000|  0%| F|  |TAMS 0x0000000083400000, 0x0000000083400000| Untracked 
|  17|0x0000000083500000, 0x0000000083500000, 0x0000000083600000|  0%| F|  |TAMS 0x0000000083500000, 0x0000000083500000| Untracked 
|  18|0x0000000083600000, 0x0000000083600000, 0x0000000083700000|  0%| F|  |TAMS 0x0000000083600000, 0x0000000083600000| Untracked 
|  19|0x0000000083700000, 0x0000000083700000, 0x0000000083800000|  0%| F|  |TAMS 0x0000000083700000, 0x0000000083700000| Untracked 
|  20|0x0000000083800000, 0x0000000083800000, 0x0000000083900000|  0%| F|  |TAMS 0x0000000083800000, 0x0000000083800000| Untracked 
|  21|0x0000000083900000, 0x0000000083900000, 0x0000000083a00000|  0%| F|  |TAMS 0x0000000083900000, 0x0000000083900000| Untracked 
|  22|0x0000000083a00000, 0x0000000083a00000, 0x0000000083b00000|  0%| F|  |TAMS 0x0000000083a00000, 0x0000000083a00000| Untracked 
|  23|0x0000000083b00000, 0x0000000083b00000, 0x0000000083c00000|  0%| F|  |TAMS 0x0000000083b00000, 0x0000000083b00000| Untracked 
|  24|0x0000000083c00000, 0x0000000083c00000, 0x0000000083d00000|  0%| F|  |TAMS 0x0000000083c00000, 0x0000000083c00000| Untracked 
|  25|0x0000000083d00000, 0x0000000083d00000, 0x0000000083e00000|  0%| F|  |TAMS 0x0000000083d00000, 0x0000000083d00000| Untracked 
|  26|0x0000000083e00000, 0x0000000083e00000, 0x0000000083f00000|  0%| F|  |TAMS 0x0000000083e00000, 0x0000000083e00000| Untracked 
|  27|0x0000000083f00000, 0x0000000083f00000, 0x0000000084000000|  0%| F|  |TAMS 0x0000000083f00000, 0x0000000083f00000| Untracked 
|  28|0x0000000084000000, 0x0000000084000000, 0x0000000084100000|  0%| F|  |TAMS 0x0000000084000000, 0x0000000084000000| Untracked 
|  29|0x0000000084100000, 0x0000000084100000, 0x0000000084200000|  0%| F|  |TAMS 0x0000000084100000, 0x0000000084100000| Untracked 
|  30|0x0000000084200000, 0x0000000084200000, 0x0000000084300000|  0%| F|  |TAMS 0x0000000084200000, 0x0000000084200000| Untracked 
|  31|0x0000000084300000, 0x0000000084300000, 0x0000000084400000|  0%| F|  |TAMS 0x0000000084300000, 0x0000000084300000| Untracked 
|  32|0x0000000084400000, 0x0000000084400000, 0x0000000084500000|  0%| F|  |TAMS 0x0000000084400000, 0x0000000084400000| Untracked 
|  33|0x0000000084500000, 0x0000000084500000, 0x0000000084600000|  0%| F|  |TAMS 0x0000000084500000, 0x0000000084500000| Untracked 
|  34|0x0000000084600000, 0x0000000084600000, 0x0000000084700000|  0%| F|  |TAMS 0x0000000084600000, 0x0000000084600000| Untracked 
|  35|0x0000000084700000, 0x0000000084700000, 0x0000000084800000|  0%| F|  |TAMS 0x0000000084700000, 0x0000000084700000| Untracked 
|  36|0x0000000084800000, 0x0000000084800000, 0x0000000084900000|  0%| F|  |TAMS 0x0000000084800000, 0x0000000084800000| Untracked 
|  37|0x0000000084900000, 0x0000000084900000, 0x0000000084a00000|  0%| F|  |TAMS 0x0000000084900000, 0x0000000084900000| Untracked 
|  38|0x0000000084a00000, 0x0000000084a00000, 0x0000000084b00000|  0%| F|  |TAMS 0x0000000084a00000, 0x0000000084a00000| Untracked 
|  39|0x0000000084b00000, 0x0000000084b00000, 0x0000000084c00000|  0%| F|  |TAMS 0x0000000084b00000, 0x0000000084b00000| Untracked 
|  40|0x0000000084c00000, 0x0000000084c00000, 0x0000000084d00000|  0%| F|  |TAMS 0x0000000084c00000, 0x0000000084c00000| Untracked 
|  41|0x0000000084d00000, 0x0000000084d00000, 0x0000000084e00000|  0%| F|  |TAMS 0x0000000084d00000, 0x0000000084d00000| Untracked 
|  42|0x0000000084e00000, 0x0000000084e00000, 0x0000000084f00000|  0%| F|  |TAMS 0x0000000084e00000, 0x0000000084e00000| Untracked 
|  43|0x0000000084f00000, 0x0000000084f00000, 0x0000000085000000|  0%| F|  |TAMS 0x0000000084f00000, 0x0000000084f00000| Untracked 
|  44|0x0000000085000000, 0x0000000085000000, 0x0000000085100000|  0%| F|  |TAMS 0x0000000085000000, 0x0000000085000000| Untracked 
|  45|0x0000000085100000, 0x0000000085100000, 0x0000000085200000|  0%| F|  |TAMS 0x0000000085100000, 0x0000000085100000| Untracked 
|  46|0x0000000085200000, 0x0000000085200000, 0x0000000085300000|  0%| F|  |TAMS 0x0000000085200000, 0x0000000085200000| Untracked 
|  47|0x0000000085300000, 0x0000000085300000, 0x0000000085400000|  0%| F|  |TAMS 0x0000000085300000, 0x0000000085300000| Untracked 
|  48|0x0000000085400000, 0x0000000085400000, 0x0000000085500000|  0%| F|  |TAMS 0x0000000085400000, 0x0000000085400000| Untracked 
|  49|0x0000000085500000, 0x0000000085500000, 0x0000000085600000|  0%| F|  |TAMS 0x0000000085500000, 0x0000000085500000| Untracked 
|  50|0x0000000085600000, 0x0000000085600000, 0x0000000085700000|  0%| F|  |TAMS 0x0000000085600000, 0x0000000085600000| Untracked 
|  51|0x0000000085700000, 0x0000000085700000, 0x0000000085800000|  0%| F|  |TAMS 0x0000000085700000, 0x0000000085700000| Untracked 
|  52|0x0000000085800000, 0x0000000085800000, 0x0000000085900000|  0%| F|  |TAMS 0x0000000085800000, 0x0000000085800000| Untracked 
|  53|0x0000000085900000, 0x0000000085900000, 0x0000000085a00000|  0%| F|  |TAMS 0x0000000085900000, 0x0000000085900000| Untracked 
|  54|0x0000000085a00000, 0x0000000085a00000, 0x0000000085b00000|  0%| F|  |TAMS 0x0000000085a00000, 0x0000000085a00000| Untracked 
|  55|0x0000000085b00000, 0x0000000085b00000, 0x0000000085c00000|  0%| F|  |TAMS 0x0000000085b00000, 0x0000000085b00000| Untracked 
|  56|0x0000000085c00000, 0x0000000085c00000, 0x0000000085d00000|  0%| F|  |TAMS 0x0000000085c00000, 0x0000000085c00000| Untracked 
|  57|0x0000000085d00000, 0x0000000085d00000, 0x0000000085e00000|  0%| F|  |TAMS 0x0000000085d00000, 0x0000000085d00000| Untracked 
|  58|0x0000000085e00000, 0x0000000085e00000, 0x0000000085f00000|  0%| F|  |TAMS 0x0000000085e00000, 0x0000000085e00000| Untracked 
|  59|0x0000000085f00000, 0x0000000085f00000, 0x0000000086000000|  0%| F|  |TAMS 0x0000000085f00000, 0x0000000085f00000| Untracked 
|  60|0x0000000086000000, 0x0000000086000000, 0x0000000086100000|  0%| F|  |TAMS 0x0000000086000000, 0x0000000086000000| Untracked 
|  61|0x0000000086100000, 0x0000000086100000, 0x0000000086200000|  0%| F|  |TAMS 0x0000000086100000, 0x0000000086100000| Untracked 
|  62|0x0000000086200000, 0x0000000086200000, 0x0000000086300000|  0%| F|  |TAMS 0x0000000086200000, 0x0000000086200000| Untracked 
|  63|0x0000000086300000, 0x0000000086300000, 0x0000000086400000|  0%| F|  |TAMS 0x0000000086300000, 0x0000000086300000| Untracked 
|  64|0x0000000086400000, 0x0000000086400000, 0x0000000086500000|  0%| F|  |TAMS 0x0000000086400000, 0x0000000086400000| Untracked 
|  65|0x0000000086500000, 0x0000000086500000, 0x0000000086600000|  0%| F|  |TAMS 0x0000000086500000, 0x0000000086500000| Untracked 
|  66|0x0000000086600000, 0x0000000086600000, 0x0000000086700000|  0%| F|  |TAMS 0x0000000086600000, 0x0000000086600000| Untracked 
|  67|0x0000000086700000, 0x0000000086700000, 0x0000000086800000|  0%| F|  |TAMS 0x0000000086700000, 0x0000000086700000| Untracked 
|  68|0x0000000086800000, 0x0000000086800000, 0x0000000086900000|  0%| F|  |TAMS 0x0000000086800000, 0x0000000086800000| Untracked 
|  69|0x0000000086900000, 0x0000000086900000, 0x0000000086a00000|  0%| F|  |TAMS 0x0000000086900000, 0x0000000086900000| Untracked 
|  70|0x0000000086a00000, 0x0000000086a00000, 0x0000000086b00000|  0%| F|  |TAMS 0x0000000086a00000, 0x0000000086a00000| Untracked 
|  71|0x0000000086b00000, 0x0000000086b00000, 0x0000000086c00000|  0%| F|  |TAMS 0x0000000086b00000, 0x0000000086b00000| Untracked 
|  72|0x0000000086c00000, 0x0000000086c00000, 0x0000000086d00000|  0%| F|  |TAMS 0x0000000086c00000, 0x0000000086c00000| Untracked 
|  73|0x0000000086d00000, 0x0000000086d00000, 0x0000000086e00000|  0%| F|  |TAMS 0x0000000086d00000, 0x0000000086d00000| Untracked 
|  74|0x0000000086e00000, 0x0000000086e00000, 0x0000000086f00000|  0%| F|  |TAMS 0x0000000086e00000, 0x0000000086e00000| Untracked 
|  75|0x0000000086f00000, 0x0000000086f00000, 0x0000000087000000|  0%| F|  |TAMS 0x0000000086f00000, 0x0000000086f00000| Untracked 
|  76|0x0000000087000000, 0x0000000087000000, 0x0000000087100000|  0%| F|  |TAMS 0x0000000087000000, 0x0000000087000000| Untracked 
|  77|0x0000000087100000, 0x0000000087100000, 0x0000000087200000|  0%| F|  |TAMS 0x0000000087100000, 0x0000000087100000| Untracked 
|  78|0x0000000087200000, 0x0000000087200000, 0x0000000087300000|  0%| F|  |TAMS 0x0000000087200000, 0x0000000087200000| Untracked 
|  79|0x0000000087300000, 0x0000000087300000, 0x0000000087400000|  0%| F|  |TAMS 0x0000000087300000, 0x0000000087300000| Untracked 
|  80|0x0000000087400000, 0x0000000087400000, 0x0000000087500000|  0%| F|  |TAMS 0x0000000087400000, 0x0000000087400000| Untracked 
|  81|0x0000000087500000, 0x0000000087500000, 0x0000000087600000|  0%| F|  |TAMS 0x0000000087500000, 0x0000000087500000| Untracked 
|  82|0x0000000087600000, 0x0000000087600000, 0x0000000087700000|  0%| F|  |TAMS 0x0000000087600000, 0x0000000087600000| Untracked 
|  83|0x0000000087700000, 0x0000000087700000, 0x0000000087800000|  0%| F|  |TAMS 0x0000000087700000, 0x0000000087700000| Untracked 
|  84|0x0000000087800000, 0x0000000087800000, 0x0000000087900000|  0%| F|  |TAMS 0x0000000087800000, 0x0000000087800000| Untracked 
|  85|0x0000000087900000, 0x0000000087900000, 0x0000000087a00000|  0%| F|  |TAMS 0x0000000087900000, 0x0000000087900000| Untracked 
|  86|0x0000000087a00000, 0x0000000087a00000, 0x0000000087b00000|  0%| F|  |TAMS 0x0000000087a00000, 0x0000000087a00000| Untracked 
|  87|0x0000000087b00000, 0x0000000087b00000, 0x0000000087c00000|  0%| F|  |TAMS 0x0000000087b00000, 0x0000000087b00000| Untracked 
|  88|0x0000000087c00000, 0x0000000087c00000, 0x0000000087d00000|  0%| F|  |TAMS 0x0000000087c00000, 0x0000000087c00000| Untracked 
|  89|0x0000000087d00000, 0x0000000087d00000, 0x0000000087e00000|  0%| F|  |TAMS 0x0000000087d00000, 0x0000000087d00000| Untracked 
|  90|0x0000000087e00000, 0x0000000087e00000, 0x0000000087f00000|  0%| F|  |TAMS 0x0000000087e00000, 0x0000000087e00000| Untracked 
|  91|0x0000000087f00000, 0x0000000087f00000, 0x0000000088000000|  0%| F|  |TAMS 0x0000000087f00000, 0x0000000087f00000| Untracked 
|  92|0x0000000088000000, 0x0000000088000000, 0x0000000088100000|  0%| F|  |TAMS 0x0000000088000000, 0x0000000088000000| Untracked 
|  93|0x0000000088100000, 0x0000000088100000, 0x0000000088200000|  0%| F|  |TAMS 0x0000000088100000, 0x0000000088100000| Untracked 
|  94|0x0000000088200000, 0x0000000088200000, 0x0000000088300000|  0%| F|  |TAMS 0x0000000088200000, 0x0000000088200000| Untracked 
|  95|0x0000000088300000, 0x0000000088300000, 0x0000000088400000|  0%| F|  |TAMS 0x0000000088300000, 0x0000000088300000| Untracked 
|  96|0x0000000088400000, 0x0000000088400000, 0x0000000088500000|  0%| F|  |TAMS 0x0000000088400000, 0x0000000088400000| Untracked 
|  97|0x0000000088500000, 0x0000000088500000, 0x0000000088600000|  0%| F|  |TAMS 0x0000000088500000, 0x0000000088500000| Untracked 
|  98|0x0000000088600000, 0x0000000088600000, 0x0000000088700000|  0%| F|  |TAMS 0x0000000088600000, 0x0000000088600000| Untracked 
|  99|0x0000000088700000, 0x0000000088700000, 0x0000000088800000|  0%| F|  |TAMS 0x0000000088700000, 0x0000000088700000| Untracked 
| 100|0x0000000088800000, 0x0000000088800000, 0x0000000088900000|  0%| F|  |TAMS 0x0000000088800000, 0x0000000088800000| Untracked 
| 101|0x0000000088900000, 0x0000000088900000, 0x0000000088a00000|  0%| F|  |TAMS 0x0000000088900000, 0x0000000088900000| Untracked 
| 102|0x0000000088a00000, 0x0000000088a00000, 0x0000000088b00000|  0%| F|  |TAMS 0x0000000088a00000, 0x0000000088a00000| Untracked 
| 103|0x0000000088b00000, 0x0000000088b00000, 0x0000000088c00000|  0%| F|  |TAMS 0x0000000088b00000, 0x0000000088b00000| Untracked 
| 104|0x0000000088c00000, 0x0000000088c00000, 0x0000000088d00000|  0%| F|  |TAMS 0x0000000088c00000, 0x0000000088c00000| Untracked 
| 105|0x0000000088d00000, 0x0000000088d00000, 0x0000000088e00000|  0%| F|  |TAMS 0x0000000088d00000, 0x0000000088d00000| Untracked 
| 106|0x0000000088e00000, 0x0000000088e00000, 0x0000000088f00000|  0%| F|  |TAMS 0x0000000088e00000, 0x0000000088e00000| Untracked 
| 107|0x0000000088f00000, 0x0000000088f00000, 0x0000000089000000|  0%| F|  |TAMS 0x0000000088f00000, 0x0000000088f00000| Untracked 
| 108|0x0000000089000000, 0x0000000089002040, 0x0000000089100000|  0%| S|CS|TAMS 0x0000000089000000, 0x0000000089000000| Complete 
| 109|0x0000000089100000, 0x0000000089100000, 0x0000000089200000|  0%| F|  |TAMS 0x0000000089100000, 0x0000000089100000| Untracked 
| 110|0x0000000089200000, 0x0000000089200000, 0x0000000089300000|  0%| F|  |TAMS 0x0000000089200000, 0x0000000089200000| Untracked 
| 111|0x0000000089300000, 0x0000000089300000, 0x0000000089400000|  0%| F|  |TAMS 0x0000000089300000, 0x0000000089300000| Untracked 
| 112|0x0000000089400000, 0x0000000089400000, 0x0000000089500000|  0%| F|  |TAMS 0x0000000089400000, 0x0000000089400000| Untracked 
| 113|0x0000000089500000, 0x0000000089500000, 0x0000000089600000|  0%| F|  |TAMS 0x0000000089500000, 0x0000000089500000| Untracked 
| 114|0x0000000089600000, 0x0000000089600000, 0x0000000089700000|  0%| F|  |TAMS 0x0000000089600000, 0x0000000089600000| Untracked 
| 115|0x0000000089700000, 0x0000000089700000, 0x0000000089800000|  0%| F|  |TAMS 0x0000000089700000, 0x0000000089700000| Untracked 
| 116|0x0000000089800000, 0x0000000089800000, 0x0000000089900000|  0%| F|  |TAMS 0x0000000089800000, 0x0000000089800000| Untracked 
| 117|0x0000000089900000, 0x0000000089900000, 0x0000000089a00000|  0%| F|  |TAMS 0x0000000089900000, 0x0000000089900000| Untracked 
| 118|0x0000000089a00000, 0x0000000089a00000, 0x0000000089b00000|  0%| F|  |TAMS 0x0000000089a00000, 0x0000000089a00000| Untracked 
| 119|0x0000000089b00000, 0x0000000089b00000, 0x0000000089c00000|  0%| F|  |TAMS 0x0000000089b00000, 0x0000000089b00000| Untracked 
| 120|0x0000000089c00000, 0x0000000089c00000, 0x0000000089d00000|  0%| F|  |TAMS 0x0000000089c00000, 0x0000000089c00000| Untracked 
| 121|0x0000000089d00000, 0x0000000089d00000, 0x0000000089e00000|  0%| F|  |TAMS 0x0000000089d00000, 0x0000000089d00000| Untracked 
| 122|0x0000000089e00000, 0x0000000089e00000, 0x0000000089f00000|  0%| F|  |TAMS 0x0000000089e00000, 0x0000000089e00000| Untracked 
| 123|0x0000000089f00000, 0x0000000089f00000, 0x000000008a000000|  0%| F|  |TAMS 0x0000000089f00000, 0x0000000089f00000| Untracked 
| 124|0x000000008a000000, 0x000000008a000000, 0x000000008a100000|  0%| F|  |TAMS 0x000000008a000000, 0x000000008a000000| Untracked 
| 125|0x000000008a100000, 0x000000008a100000, 0x000000008a200000|  0%| F|  |TAMS 0x000000008a100000, 0x000000008a100000| Untracked 
| 126|0x000000008a200000, 0x000000008a200000, 0x000000008a300000|  0%| F|  |TAMS 0x000000008a200000, 0x000000008a200000| Untracked 
| 127|0x000000008a300000, 0x000000008a300000, 0x000000008a400000|  0%| F|  |TAMS 0x000000008a300000, 0x000000008a300000| Untracked 
| 128|0x000000008a400000, 0x000000008a400000, 0x000000008a500000|  0%| F|  |TAMS 0x000000008a400000, 0x000000008a400000| Untracked 
| 129|0x000000008a500000, 0x000000008a500000, 0x000000008a600000|  0%| F|  |TAMS 0x000000008a500000, 0x000000008a500000| Untracked 
| 130|0x000000008a600000, 0x000000008a600000, 0x000000008a700000|  0%| F|  |TAMS 0x000000008a600000, 0x000000008a600000| Untracked 
| 131|0x000000008a700000, 0x000000008a700000, 0x000000008a800000|  0%| F|  |TAMS 0x000000008a700000, 0x000000008a700000| Untracked 
| 132|0x000000008a800000, 0x000000008a800000, 0x000000008a900000|  0%| F|  |TAMS 0x000000008a800000, 0x000000008a800000| Untracked 
| 133|0x000000008a900000, 0x000000008a900000, 0x000000008aa00000|  0%| F|  |TAMS 0x000000008a900000, 0x000000008a900000| Untracked 
| 134|0x000000008aa00000, 0x000000008aa00000, 0x000000008ab00000|  0%| F|  |TAMS 0x000000008aa00000, 0x000000008aa00000| Untracked 
| 135|0x000000008ab00000, 0x000000008ab00000, 0x000000008ac00000|  0%| F|  |TAMS 0x000000008ab00000, 0x000000008ab00000| Untracked 
| 136|0x000000008ac00000, 0x000000008ac00000, 0x000000008ad00000|  0%| F|  |TAMS 0x000000008ac00000, 0x000000008ac00000| Untracked 
| 137|0x000000008ad00000, 0x000000008ad00000, 0x000000008ae00000|  0%| F|  |TAMS 0x000000008ad00000, 0x000000008ad00000| Untracked 
| 138|0x000000008ae00000, 0x000000008ae00000, 0x000000008af00000|  0%| F|  |TAMS 0x000000008ae00000, 0x000000008ae00000| Untracked 
| 139|0x000000008af00000, 0x000000008af00000, 0x000000008b000000|  0%| F|  |TAMS 0x000000008af00000, 0x000000008af00000| Untracked 
| 140|0x000000008b000000, 0x000000008b000000, 0x000000008b100000|  0%| F|  |TAMS 0x000000008b000000, 0x000000008b000000| Untracked 
| 141|0x000000008b100000, 0x000000008b100000, 0x000000008b200000|  0%| F|  |TAMS 0x000000008b100000, 0x000000008b100000| Untracked 
| 142|0x000000008b200000, 0x000000008b200000, 0x000000008b300000|  0%| F|  |TAMS 0x000000008b200000, 0x000000008b200000| Untracked 
| 143|0x000000008b300000, 0x000000008b300000, 0x000000008b400000|  0%| F|  |TAMS 0x000000008b300000, 0x000000008b300000| Untracked 
| 144|0x000000008b400000, 0x000000008b400000, 0x000000008b500000|  0%| F|  |TAMS 0x000000008b400000, 0x000000008b400000| Untracked 
| 145|0x000000008b500000, 0x000000008b500000, 0x000000008b600000|  0%| F|  |TAMS 0x000000008b500000, 0x000000008b500000| Untracked 
| 146|0x000000008b600000, 0x000000008b600000, 0x000000008b700000|  0%| F|  |TAMS 0x000000008b600000, 0x000000008b600000| Untracked 
| 147|0x000000008b700000, 0x000000008b700000, 0x000000008b800000|  0%| F|  |TAMS 0x000000008b700000, 0x000000008b700000| Untracked 
| 148|0x000000008b800000, 0x000000008b800000, 0x000000008b900000|  0%| F|  |TAMS 0x000000008b800000, 0x000000008b800000| Untracked 
| 149|0x000000008b900000, 0x000000008b900000, 0x000000008ba00000|  0%| F|  |TAMS 0x000000008b900000, 0x000000008b900000| Untracked 
| 150|0x000000008ba00000, 0x000000008ba00000, 0x000000008bb00000|  0%| F|  |TAMS 0x000000008ba00000, 0x000000008ba00000| Untracked 
| 151|0x000000008bb00000, 0x000000008bb00000, 0x000000008bc00000|  0%| F|  |TAMS 0x000000008bb00000, 0x000000008bb00000| Untracked 
| 152|0x000000008bc00000, 0x000000008bc00000, 0x000000008bd00000|  0%| F|  |TAMS 0x000000008bc00000, 0x000000008bc00000| Untracked 
| 153|0x000000008bd00000, 0x000000008bd00000, 0x000000008be00000|  0%| F|  |TAMS 0x000000008bd00000, 0x000000008bd00000| Untracked 
| 154|0x000000008be00000, 0x000000008be00000, 0x000000008bf00000|  0%| F|  |TAMS 0x000000008be00000, 0x000000008be00000| Untracked 
| 155|0x000000008bf00000, 0x000000008bf00000, 0x000000008c000000|  0%| F|  |TAMS 0x000000008bf00000, 0x000000008bf00000| Untracked 
| 156|0x000000008c000000, 0x000000008c000000, 0x000000008c100000|  0%| F|  |TAMS 0x000000008c000000, 0x000000008c000000| Untracked 
| 157|0x000000008c100000, 0x000000008c100000, 0x000000008c200000|  0%| F|  |TAMS 0x000000008c100000, 0x000000008c100000| Untracked 
| 158|0x000000008c200000, 0x000000008c200000, 0x000000008c300000|  0%| F|  |TAMS 0x000000008c200000, 0x000000008c200000| Untracked 
| 159|0x000000008c300000, 0x000000008c300000, 0x000000008c400000|  0%| F|  |TAMS 0x000000008c300000, 0x000000008c300000| Untracked 
| 160|0x000000008c400000, 0x000000008c400000, 0x000000008c500000|  0%| F|  |TAMS 0x000000008c400000, 0x000000008c400000| Untracked 
| 161|0x000000008c500000, 0x000000008c500000, 0x000000008c600000|  0%| F|  |TAMS 0x000000008c500000, 0x000000008c500000| Untracked 
| 162|0x000000008c600000, 0x000000008c600000, 0x000000008c700000|  0%| F|  |TAMS 0x000000008c600000, 0x000000008c600000| Untracked 
| 163|0x000000008c700000, 0x000000008c700000, 0x000000008c800000|  0%| F|  |TAMS 0x000000008c700000, 0x000000008c700000| Untracked 
| 164|0x000000008c800000, 0x000000008c800000, 0x000000008c900000|  0%| F|  |TAMS 0x000000008c800000, 0x000000008c800000| Untracked 
| 165|0x000000008c900000, 0x000000008c900000, 0x000000008ca00000|  0%| F|  |TAMS 0x000000008c900000, 0x000000008c900000| Untracked 
| 166|0x000000008ca00000, 0x000000008ca00000, 0x000000008cb00000|  0%| F|  |TAMS 0x000000008ca00000, 0x000000008ca00000| Untracked 
| 167|0x000000008cb00000, 0x000000008cb00000, 0x000000008cc00000|  0%| F|  |TAMS 0x000000008cb00000, 0x000000008cb00000| Untracked 
| 168|0x000000008cc00000, 0x000000008cc00000, 0x000000008cd00000|  0%| F|  |TAMS 0x000000008cc00000, 0x000000008cc00000| Untracked 
| 169|0x000000008cd00000, 0x000000008cd00000, 0x000000008ce00000|  0%| F|  |TAMS 0x000000008cd00000, 0x000000008cd00000| Untracked 
| 170|0x000000008ce00000, 0x000000008ce00000, 0x000000008cf00000|  0%| F|  |TAMS 0x000000008ce00000, 0x000000008ce00000| Untracked 
| 171|0x000000008cf00000, 0x000000008cf00000, 0x000000008d000000|  0%| F|  |TAMS 0x000000008cf00000, 0x000000008cf00000| Untracked 
| 172|0x000000008d000000, 0x000000008d000000, 0x000000008d100000|  0%| F|  |TAMS 0x000000008d000000, 0x000000008d000000| Untracked 
| 173|0x000000008d100000, 0x000000008d100000, 0x000000008d200000|  0%| F|  |TAMS 0x000000008d100000, 0x000000008d100000| Untracked 
| 174|0x000000008d200000, 0x000000008d200000, 0x000000008d300000|  0%| F|  |TAMS 0x000000008d200000, 0x000000008d200000| Untracked 
| 175|0x000000008d300000, 0x000000008d300000, 0x000000008d400000|  0%| F|  |TAMS 0x000000008d300000, 0x000000008d300000| Untracked 
| 176|0x000000008d400000, 0x000000008d400000, 0x000000008d500000|  0%| F|  |TAMS 0x000000008d400000, 0x000000008d400000| Untracked 
| 177|0x000000008d500000, 0x000000008d500000, 0x000000008d600000|  0%| F|  |TAMS 0x000000008d500000, 0x000000008d500000| Untracked 
| 178|0x000000008d600000, 0x000000008d600000, 0x000000008d700000|  0%| F|  |TAMS 0x000000008d600000, 0x000000008d600000| Untracked 
| 179|0x000000008d700000, 0x000000008d700000, 0x000000008d800000|  0%| F|  |TAMS 0x000000008d700000, 0x000000008d700000| Untracked 
| 180|0x000000008d800000, 0x000000008d800000, 0x000000008d900000|  0%| F|  |TAMS 0x000000008d800000, 0x000000008d800000| Untracked 
| 181|0x000000008d900000, 0x000000008d900000, 0x000000008da00000|  0%| F|  |TAMS 0x000000008d900000, 0x000000008d900000| Untracked 
| 182|0x000000008da00000, 0x000000008da00000, 0x000000008db00000|  0%| F|  |TAMS 0x000000008da00000, 0x000000008da00000| Untracked 
| 183|0x000000008db00000, 0x000000008db00000, 0x000000008dc00000|  0%| F|  |TAMS 0x000000008db00000, 0x000000008db00000| Untracked 
| 184|0x000000008dc00000, 0x000000008dc00000, 0x000000008dd00000|  0%| F|  |TAMS 0x000000008dc00000, 0x000000008dc00000| Untracked 
| 185|0x000000008dd00000, 0x000000008dd00000, 0x000000008de00000|  0%| F|  |TAMS 0x000000008dd00000, 0x000000008dd00000| Untracked 
| 186|0x000000008de00000, 0x000000008de00000, 0x000000008df00000|  0%| F|  |TAMS 0x000000008de00000, 0x000000008de00000| Untracked 
| 187|0x000000008df00000, 0x000000008df00000, 0x000000008e000000|  0%| F|  |TAMS 0x000000008df00000, 0x000000008df00000| Untracked 
| 188|0x000000008e000000, 0x000000008e000000, 0x000000008e100000|  0%| F|  |TAMS 0x000000008e000000, 0x000000008e000000| Untracked 
| 189|0x000000008e100000, 0x000000008e100000, 0x000000008e200000|  0%| F|  |TAMS 0x000000008e100000, 0x000000008e100000| Untracked 
| 190|0x000000008e200000, 0x000000008e200000, 0x000000008e300000|  0%| F|  |TAMS 0x000000008e200000, 0x000000008e200000| Untracked 
| 191|0x000000008e300000, 0x000000008e300000, 0x000000008e400000|  0%| F|  |TAMS 0x000000008e300000, 0x000000008e300000| Untracked 
| 192|0x000000008e400000, 0x000000008e400000, 0x000000008e500000|  0%| F|  |TAMS 0x000000008e400000, 0x000000008e400000| Untracked 
| 193|0x000000008e500000, 0x000000008e500000, 0x000000008e600000|  0%| F|  |TAMS 0x000000008e500000, 0x000000008e500000| Untracked 
| 194|0x000000008e600000, 0x000000008e600000, 0x000000008e700000|  0%| F|  |TAMS 0x000000008e600000, 0x000000008e600000| Untracked 
| 195|0x000000008e700000, 0x000000008e700000, 0x000000008e800000|  0%| F|  |TAMS 0x000000008e700000, 0x000000008e700000| Untracked 
| 196|0x000000008e800000, 0x000000008e800000, 0x000000008e900000|  0%| F|  |TAMS 0x000000008e800000, 0x000000008e800000| Untracked 
| 197|0x000000008e900000, 0x000000008e900000, 0x000000008ea00000|  0%| F|  |TAMS 0x000000008e900000, 0x000000008e900000| Untracked 
| 198|0x000000008ea00000, 0x000000008ea00000, 0x000000008eb00000|  0%| F|  |TAMS 0x000000008ea00000, 0x000000008ea00000| Untracked 
| 199|0x000000008eb00000, 0x000000008eb00000, 0x000000008ec00000|  0%| F|  |TAMS 0x000000008eb00000, 0x000000008eb00000| Untracked 
| 200|0x000000008ec00000, 0x000000008ec00000, 0x000000008ed00000|  0%| F|  |TAMS 0x000000008ec00000, 0x000000008ec00000| Untracked 
| 201|0x000000008ed00000, 0x000000008ed00000, 0x000000008ee00000|  0%| F|  |TAMS 0x000000008ed00000, 0x000000008ed00000| Untracked 
| 202|0x000000008ee00000, 0x000000008ee00000, 0x000000008ef00000|  0%| F|  |TAMS 0x000000008ee00000, 0x000000008ee00000| Untracked 
| 203|0x000000008ef00000, 0x000000008ef00000, 0x000000008f000000|  0%| F|  |TAMS 0x000000008ef00000, 0x000000008ef00000| Untracked 
| 204|0x000000008f000000, 0x000000008f000000, 0x000000008f100000|  0%| F|  |TAMS 0x000000008f000000, 0x000000008f000000| Untracked 
| 205|0x000000008f100000, 0x000000008f100000, 0x000000008f200000|  0%| F|  |TAMS 0x000000008f100000, 0x000000008f100000| Untracked 
| 206|0x000000008f200000, 0x000000008f200000, 0x000000008f300000|  0%| F|  |TAMS 0x000000008f200000, 0x000000008f200000| Untracked 
| 207|0x000000008f300000, 0x000000008f300000, 0x000000008f400000|  0%| F|  |TAMS 0x000000008f300000, 0x000000008f300000| Untracked 
| 208|0x000000008f400000, 0x000000008f400000, 0x000000008f500000|  0%| F|  |TAMS 0x000000008f400000, 0x000000008f400000| Untracked 
| 209|0x000000008f500000, 0x000000008f500000, 0x000000008f600000|  0%| F|  |TAMS 0x000000008f500000, 0x000000008f500000| Untracked 
| 210|0x000000008f600000, 0x000000008f600000, 0x000000008f700000|  0%| F|  |TAMS 0x000000008f600000, 0x000000008f600000| Untracked 
| 211|0x000000008f700000, 0x000000008f700000, 0x000000008f800000|  0%| F|  |TAMS 0x000000008f700000, 0x000000008f700000| Untracked 
| 212|0x000000008f800000, 0x000000008f800000, 0x000000008f900000|  0%| F|  |TAMS 0x000000008f800000, 0x000000008f800000| Untracked 
| 213|0x000000008f900000, 0x000000008f900000, 0x000000008fa00000|  0%| F|  |TAMS 0x000000008f900000, 0x000000008f900000| Untracked 
| 214|0x000000008fa00000, 0x000000008fa00000, 0x000000008fb00000|  0%| F|  |TAMS 0x000000008fa00000, 0x000000008fa00000| Untracked 
| 215|0x000000008fb00000, 0x000000008fb00000, 0x000000008fc00000|  0%| F|  |TAMS 0x000000008fb00000, 0x000000008fb00000| Untracked 
| 216|0x000000008fc00000, 0x000000008fc00000, 0x000000008fd00000|  0%| F|  |TAMS 0x000000008fc00000, 0x000000008fc00000| Untracked 
| 217|0x000000008fd00000, 0x000000008fd00000, 0x000000008fe00000|  0%| F|  |TAMS 0x000000008fd00000, 0x000000008fd00000| Untracked 
| 218|0x000000008fe00000, 0x000000008fe00000, 0x000000008ff00000|  0%| F|  |TAMS 0x000000008fe00000, 0x000000008fe00000| Untracked 
| 219|0x000000008ff00000, 0x000000008ff00000, 0x0000000090000000|  0%| F|  |TAMS 0x000000008ff00000, 0x000000008ff00000| Untracked 
| 220|0x0000000090000000, 0x0000000090000000, 0x0000000090100000|  0%| F|  |TAMS 0x0000000090000000, 0x0000000090000000| Untracked 
| 221|0x0000000090100000, 0x0000000090100000, 0x0000000090200000|  0%| F|  |TAMS 0x0000000090100000, 0x0000000090100000| Untracked 
| 222|0x0000000090200000, 0x0000000090200000, 0x0000000090300000|  0%| F|  |TAMS 0x0000000090200000, 0x0000000090200000| Untracked 
| 223|0x0000000090300000, 0x0000000090300000, 0x0000000090400000|  0%| F|  |TAMS 0x0000000090300000, 0x0000000090300000| Untracked 
| 224|0x0000000090400000, 0x0000000090400000, 0x0000000090500000|  0%| F|  |TAMS 0x0000000090400000, 0x0000000090400000| Untracked 
| 225|0x0000000090500000, 0x0000000090500000, 0x0000000090600000|  0%| F|  |TAMS 0x0000000090500000, 0x0000000090500000| Untracked 
| 226|0x0000000090600000, 0x0000000090600000, 0x0000000090700000|  0%| F|  |TAMS 0x0000000090600000, 0x0000000090600000| Untracked 
| 227|0x0000000090700000, 0x0000000090700000, 0x0000000090800000|  0%| F|  |TAMS 0x0000000090700000, 0x0000000090700000| Untracked 
| 228|0x0000000090800000, 0x0000000090800000, 0x0000000090900000|  0%| F|  |TAMS 0x0000000090800000, 0x0000000090800000| Untracked 
| 229|0x0000000090900000, 0x0000000090900000, 0x0000000090a00000|  0%| F|  |TAMS 0x0000000090900000, 0x0000000090900000| Untracked 
| 230|0x0000000090a00000, 0x0000000090a00000, 0x0000000090b00000|  0%| F|  |TAMS 0x0000000090a00000, 0x0000000090a00000| Untracked 
| 231|0x0000000090b00000, 0x0000000090b00000, 0x0000000090c00000|  0%| F|  |TAMS 0x0000000090b00000, 0x0000000090b00000| Untracked 
| 232|0x0000000090c00000, 0x0000000090c00000, 0x0000000090d00000|  0%| F|  |TAMS 0x0000000090c00000, 0x0000000090c00000| Untracked 
| 233|0x0000000090d00000, 0x0000000090d00000, 0x0000000090e00000|  0%| F|  |TAMS 0x0000000090d00000, 0x0000000090d00000| Untracked 
| 234|0x0000000090e00000, 0x0000000090e00000, 0x0000000090f00000|  0%| F|  |TAMS 0x0000000090e00000, 0x0000000090e00000| Untracked 
| 235|0x0000000090f00000, 0x0000000090f00000, 0x0000000091000000|  0%| F|  |TAMS 0x0000000090f00000, 0x0000000090f00000| Untracked 
| 236|0x0000000091000000, 0x0000000091000000, 0x0000000091100000|  0%| F|  |TAMS 0x0000000091000000, 0x0000000091000000| Untracked 
| 237|0x0000000091100000, 0x0000000091100000, 0x0000000091200000|  0%| F|  |TAMS 0x0000000091100000, 0x0000000091100000| Untracked 
| 238|0x0000000091200000, 0x0000000091200000, 0x0000000091300000|  0%| F|  |TAMS 0x0000000091200000, 0x0000000091200000| Untracked 
| 239|0x0000000091300000, 0x0000000091300000, 0x0000000091400000|  0%| F|  |TAMS 0x0000000091300000, 0x0000000091300000| Untracked 
| 240|0x0000000091400000, 0x0000000091400000, 0x0000000091500000|  0%| F|  |TAMS 0x0000000091400000, 0x0000000091400000| Untracked 
| 241|0x0000000091500000, 0x0000000091500000, 0x0000000091600000|  0%| F|  |TAMS 0x0000000091500000, 0x0000000091500000| Untracked 
| 242|0x0000000091600000, 0x0000000091600000, 0x0000000091700000|  0%| F|  |TAMS 0x0000000091600000, 0x0000000091600000| Untracked 
| 243|0x0000000091700000, 0x0000000091700000, 0x0000000091800000|  0%| F|  |TAMS 0x0000000091700000, 0x0000000091700000| Untracked 
| 244|0x0000000091800000, 0x0000000091800000, 0x0000000091900000|  0%| F|  |TAMS 0x0000000091800000, 0x0000000091800000| Untracked 
| 245|0x0000000091900000, 0x0000000091900000, 0x0000000091a00000|  0%| F|  |TAMS 0x0000000091900000, 0x0000000091900000| Untracked 
| 246|0x0000000091a00000, 0x0000000091a00000, 0x0000000091b00000|  0%| F|  |TAMS 0x0000000091a00000, 0x0000000091a00000| Untracked 
| 247|0x0000000091b00000, 0x0000000091b00000, 0x0000000091c00000|  0%| F|  |TAMS 0x0000000091b00000, 0x0000000091b00000| Untracked 
| 248|0x0000000091c00000, 0x0000000091c00000, 0x0000000091d00000|  0%| F|  |TAMS 0x0000000091c00000, 0x0000000091c00000| Untracked 
| 249|0x0000000091d00000, 0x0000000091d00000, 0x0000000091e00000|  0%| F|  |TAMS 0x0000000091d00000, 0x0000000091d00000| Untracked 
| 250|0x0000000091e00000, 0x0000000091e00000, 0x0000000091f00000|  0%| F|  |TAMS 0x0000000091e00000, 0x0000000091e00000| Untracked 
| 251|0x0000000091f00000, 0x0000000091f00000, 0x0000000092000000|  0%| F|  |TAMS 0x0000000091f00000, 0x0000000091f00000| Untracked 
| 252|0x0000000092000000, 0x0000000092000000, 0x0000000092100000|  0%| F|  |TAMS 0x0000000092000000, 0x0000000092000000| Untracked 
| 253|0x0000000092100000, 0x0000000092100000, 0x0000000092200000|  0%| F|  |TAMS 0x0000000092100000, 0x0000000092100000| Untracked 
| 254|0x0000000092200000, 0x0000000092200000, 0x0000000092300000|  0%| F|  |TAMS 0x0000000092200000, 0x0000000092200000| Untracked 
| 255|0x0000000092300000, 0x0000000092300000, 0x0000000092400000|  0%| F|  |TAMS 0x0000000092300000, 0x0000000092300000| Untracked 
| 256|0x0000000092400000, 0x0000000092400000, 0x0000000092500000|  0%| F|  |TAMS 0x0000000092400000, 0x0000000092400000| Untracked 
| 257|0x0000000092500000, 0x0000000092500000, 0x0000000092600000|  0%| F|  |TAMS 0x0000000092500000, 0x0000000092500000| Untracked 
| 258|0x0000000092600000, 0x0000000092600000, 0x0000000092700000|  0%| F|  |TAMS 0x0000000092600000, 0x0000000092600000| Untracked 
| 259|0x0000000092700000, 0x0000000092700000, 0x0000000092800000|  0%| F|  |TAMS 0x0000000092700000, 0x0000000092700000| Untracked 
| 260|0x0000000092800000, 0x0000000092800000, 0x0000000092900000|  0%| F|  |TAMS 0x0000000092800000, 0x0000000092800000| Untracked 
| 261|0x0000000092900000, 0x0000000092900000, 0x0000000092a00000|  0%| F|  |TAMS 0x0000000092900000, 0x0000000092900000| Untracked 
| 262|0x0000000092a00000, 0x0000000092a00000, 0x0000000092b00000|  0%| F|  |TAMS 0x0000000092a00000, 0x0000000092a00000| Untracked 
| 263|0x0000000092b00000, 0x0000000092b00000, 0x0000000092c00000|  0%| F|  |TAMS 0x0000000092b00000, 0x0000000092b00000| Untracked 
| 264|0x0000000092c00000, 0x0000000092c00000, 0x0000000092d00000|  0%| F|  |TAMS 0x0000000092c00000, 0x0000000092c00000| Untracked 
| 265|0x0000000092d00000, 0x0000000092d00000, 0x0000000092e00000|  0%| F|  |TAMS 0x0000000092d00000, 0x0000000092d00000| Untracked 
| 266|0x0000000092e00000, 0x0000000092e00000, 0x0000000092f00000|  0%| F|  |TAMS 0x0000000092e00000, 0x0000000092e00000| Untracked 
| 267|0x0000000092f00000, 0x0000000092f00000, 0x0000000093000000|  0%| F|  |TAMS 0x0000000092f00000, 0x0000000092f00000| Untracked 
| 268|0x0000000093000000, 0x0000000093000000, 0x0000000093100000|  0%| F|  |TAMS 0x0000000093000000, 0x0000000093000000| Untracked 
| 269|0x0000000093100000, 0x0000000093100000, 0x0000000093200000|  0%| F|  |TAMS 0x0000000093100000, 0x0000000093100000| Untracked 

Card table byte_map: [0x000000001a460000,0x000000001a850000] _byte_map_base: 0x000000001a04e000

Marking Bits (Prev, Next): (CMBitMap*) 0x000000000037eca0, (CMBitMap*) 0x000000000037ece0
 Prev Bits: [0x000000001ac40000, 0x000000001cbb0000)
 Next Bits: [0x000000001cbb0000, 0x000000001eb20000)

Polling page: 0x0000000000230000

Metaspace:

Usage:
  Non-class:     13.39 MB capacity,    12.63 MB ( 94%) used,   760.23 KB (  6%) free+waste,    21.06 KB ( <1%) overhead. 
      Class:      2.25 MB capacity,     2.12 MB ( 94%) used,   125.34 KB (  5%) free+waste,     9.25 KB ( <1%) overhead. 
       Both:     15.64 MB capacity,    14.75 MB ( 94%) used,   885.57 KB (  6%) free+waste,    30.31 KB ( <1%) overhead. 

Virtual space:
  Non-class space:       14.00 MB reserved,      13.50 MB ( 96%) committed 
      Class space:        1.00 GB reserved,       2.25 MB ( <1%) committed 
             Both:        1.01 GB reserved,      15.75 MB (  2%) committed 

Chunk freelists:
   Non-Class:  46.00 KB
       Class:  1.00 KB
        Both:  47.00 KB

MaxMetaspaceSize: 17179869184.00 GB
CompressedClassSpaceSize: 1.00 GB

CodeHeap 'non-profiled nmethods': size=120000Kb used=853Kb max_used=853Kb free=119146Kb
 bounds [0x0000000012920000, 0x0000000012b90000, 0x0000000019e50000]
CodeHeap 'profiled nmethods': size=120000Kb used=4192Kb max_used=4192Kb free=115807Kb
 bounds [0x000000000b3f0000, 0x000000000b810000, 0x0000000012920000]
CodeHeap 'non-nmethods': size=5760Kb used=1451Kb max_used=1470Kb free=4308Kb
 bounds [0x000000000ae50000, 0x000000000b0c0000, 0x000000000b3f0000]
 total_blobs=3241 nmethods=2462 adapters=691
 compilation: enabled
              stopped_count=0, restarted_count=0
 full_count=0

Compilation events (20 events):
Event: 11.335 Thread 0x00000000221eb940 2456       1       com.sun.javafx.sg.prism.NGGroup::getRemovedChildren (5 bytes)
Event: 11.335 Thread 0x00000000221eb940 nmethod 2456 0x00000000129f4690 code [0x00000000129f4820, 0x00000000129f48d8]
Event: 11.335 Thread 0x00000000221eb940 2457       3       com.sun.javafx.geom.BoxBounds::getBoundsType (4 bytes)
Event: 11.335 Thread 0x00000000221eb940 nmethod 2457 0x000000000b805710 code [0x000000000b8058a0, 0x000000000b8059b8]
Event: 11.335 Thread 0x00000000221eb940 2458       3       com.sun.javafx.geom.BoxBounds::deriveWithNewBounds (61 bytes)
Event: 11.335 Thread 0x00000000221eb940 nmethod 2458 0x000000000b805a90 code [0x000000000b805c40, 0x000000000b805ec8]
Event: 11.336 Thread 0x00000000221eb940 2459       3       javafx.util.Duration::isUnknown (8 bytes)
Event: 11.336 Thread 0x00000000221eb940 nmethod 2459 0x000000000b805f90 code [0x000000000b806120, 0x000000000b8062f8]
Event: 11.336 Thread 0x00000000221eb940 2460       3       java.nio.FloatBuffer::rewind (7 bytes)
Event: 11.336 Thread 0x00000000221eb940 nmethod 2460 0x000000000b806390 code [0x000000000b806520, 0x000000000b806698]
Event: 11.336 Thread 0x00000000221eb940 2461       3       com.sun.javafx.sg.prism.NGNode::renderForcedContent (1 bytes)
Event: 11.336 Thread 0x00000000221eb940 nmethod 2461 0x000000000b806790 code [0x000000000b806920, 0x000000000b806a18]
Event: 11.351 Thread 0x00000000221e52f0 2462       4       com.sun.javafx.scene.NodeHelper::getHelper (59 bytes)
Event: 11.353 Thread 0x00000000221e52f0 nmethod 2462 0x00000000129f4990 code [0x00000000129f4b20, 0x00000000129f4bb8]
Event: 11.368 Thread 0x00000000221e52f0 2463   !   4       java.lang.ThreadGroup::add (110 bytes)
Event: 11.371 Thread 0x00000000221e52f0 nmethod 2463 0x00000000129f4d10 code [0x00000000129f4ea0, 0x00000000129f51d8]
Event: 11.567 Thread 0x00000000221eb940 2465       3       com.sun.javafx.sg.prism.NGDefaultCamera::validate (71 bytes)
Event: 11.568 Thread 0x00000000221eb940 nmethod 2465 0x000000000b806a90 code [0x000000000b806c80, 0x000000000b807068]
Event: 11.568 Thread 0x00000000221eb940 2466       3       com.sun.prism.d3d.D3DShader::setConstant (48 bytes)
Event: 11.569 Thread 0x00000000221eb940 nmethod 2466 0x000000000b807190 code [0x000000000b8073e0, 0x000000000b807d78]

GC Heap History (20 events):
Event: 11.189 GC heap after
{Heap after GC invocations=18 (full 0):
 garbage-first heap   total 276480K, used 10435K [0x0000000082400000, 0x0000000100000000)
  region size 1024K, 1 young (1024K), 1 survivors (1024K)
 Metaspace       used 15043K, capacity 15953K, committed 16128K, reserved 1062912K
  class space    used 2168K, capacity 2303K, committed 2304K, reserved 1048576K
}
Event: 11.228 GC heap before
{Heap before GC invocations=18 (full 0):
 garbage-first heap   total 276480K, used 175299K [0x0000000082400000, 0x0000000100000000)
  region size 1024K, 162 young (165888K), 1 survivors (1024K)
 Metaspace       used 15043K, capacity 15953K, committed 16128K, reserved 1062912K
  class space    used 2168K, capacity 2303K, committed 2304K, reserved 1048576K
}
Event: 11.229 GC heap after
{Heap after GC invocations=19 (full 0):
 garbage-first heap   total 276480K, used 10347K [0x0000000082400000, 0x0000000100000000)
  region size 1024K, 1 young (1024K), 1 survivors (1024K)
 Metaspace       used 15043K, capacity 15953K, committed 16128K, reserved 1062912K
  class space    used 2168K, capacity 2303K, committed 2304K, reserved 1048576K
}
Event: 11.270 GC heap before
{Heap before GC invocations=19 (full 0):
 garbage-first heap   total 276480K, used 175211K [0x0000000082400000, 0x0000000100000000)
  region size 1024K, 162 young (165888K), 1 survivors (1024K)
 Metaspace       used 15048K, capacity 16017K, committed 16128K, reserved 1062912K
  class space    used 2168K, capacity 2303K, committed 2304K, reserved 1048576K
}
Event: 11.270 GC heap after
{Heap after GC invocations=20 (full 0):
 garbage-first heap   total 276480K, used 10316K [0x0000000082400000, 0x0000000100000000)
  region size 1024K, 1 young (1024K), 1 survivors (1024K)
 Metaspace       used 15048K, capacity 16017K, committed 16128K, reserved 1062912K
  class space    used 2168K, capacity 2303K, committed 2304K, reserved 1048576K
}
Event: 11.314 GC heap before
{Heap before GC invocations=20 (full 0):
 garbage-first heap   total 276480K, used 175180K [0x0000000082400000, 0x0000000100000000)
  region size 1024K, 162 young (165888K), 1 survivors (1024K)
 Metaspace       used 15083K, capacity 16017K, committed 16128K, reserved 1062912K
  class space    used 2168K, capacity 2303K, committed 2304K, reserved 1048576K
}
Event: 11.315 GC heap after
{Heap after GC invocations=21 (full 0):
 garbage-first heap   total 276480K, used 10305K [0x0000000082400000, 0x0000000100000000)
  region size 1024K, 1 young (1024K), 1 survivors (1024K)
 Metaspace       used 15083K, capacity 16017K, committed 16128K, reserved 1062912K
  class space    used 2168K, capacity 2303K, committed 2304K, reserved 1048576K
}
Event: 11.354 GC heap before
{Heap before GC invocations=21 (full 0):
 garbage-first heap   total 276480K, used 175169K [0x0000000082400000, 0x0000000100000000)
  region size 1024K, 162 young (165888K), 1 survivors (1024K)
 Metaspace       used 15099K, capacity 16017K, committed 16128K, reserved 1062912K
  class space    used 2168K, capacity 2303K, committed 2304K, reserved 1048576K
}
Event: 11.355 GC heap after
{Heap after GC invocations=22 (full 0):
 garbage-first heap   total 276480K, used 10308K [0x0000000082400000, 0x0000000100000000)
  region size 1024K, 1 young (1024K), 1 survivors (1024K)
 Metaspace       used 15099K, capacity 16017K, committed 16128K, reserved 1062912K
  class space    used 2168K, capacity 2303K, committed 2304K, reserved 1048576K
}
Event: 11.391 GC heap before
{Heap before GC invocations=22 (full 0):
 garbage-first heap   total 276480K, used 175172K [0x0000000082400000, 0x0000000100000000)
  region size 1024K, 162 young (165888K), 1 survivors (1024K)
 Metaspace       used 15099K, capacity 16017K, committed 16128K, reserved 1062912K
  class space    used 2168K, capacity 2303K, committed 2304K, reserved 1048576K
}
Event: 11.392 GC heap after
{Heap after GC invocations=23 (full 0):
 garbage-first heap   total 276480K, used 10309K [0x0000000082400000, 0x0000000100000000)
  region size 1024K, 1 young (1024K), 1 survivors (1024K)
 Metaspace       used 15099K, capacity 16017K, committed 16128K, reserved 1062912K
  class space    used 2168K, capacity 2303K, committed 2304K, reserved 1048576K
}
Event: 11.429 GC heap before
{Heap before GC invocations=23 (full 0):
 garbage-first heap   total 276480K, used 175173K [0x0000000082400000, 0x0000000100000000)
  region size 1024K, 162 young (165888K), 1 survivors (1024K)
 Metaspace       used 15099K, capacity 16017K, committed 16128K, reserved 1062912K
  class space    used 2168K, capacity 2303K, committed 2304K, reserved 1048576K
}
Event: 11.430 GC heap after
{Heap after GC invocations=24 (full 0):
 garbage-first heap   total 276480K, used 10311K [0x0000000082400000, 0x0000000100000000)
  region size 1024K, 1 young (1024K), 1 survivors (1024K)
 Metaspace       used 15099K, capacity 16017K, committed 16128K, reserved 1062912K
  class space    used 2168K, capacity 2303K, committed 2304K, reserved 1048576K
}
Event: 11.468 GC heap before
{Heap before GC invocations=24 (full 0):
 garbage-first heap   total 276480K, used 175175K [0x0000000082400000, 0x0000000100000000)
  region size 1024K, 162 young (165888K), 1 survivors (1024K)
 Metaspace       used 15099K, capacity 16017K, committed 16128K, reserved 1062912K
  class space    used 2168K, capacity 2303K, committed 2304K, reserved 1048576K
}
Event: 11.469 GC heap after
{Heap after GC invocations=25 (full 0):
 garbage-first heap   total 276480K, used 10309K [0x0000000082400000, 0x0000000100000000)
  region size 1024K, 1 young (1024K), 1 survivors (1024K)
 Metaspace       used 15099K, capacity 16017K, committed 16128K, reserved 1062912K
  class space    used 2168K, capacity 2303K, committed 2304K, reserved 1048576K
}
Event: 11.505 GC heap before
{Heap before GC invocations=25 (full 0):
 garbage-first heap   total 276480K, used 175173K [0x0000000082400000, 0x0000000100000000)
  region size 1024K, 162 young (165888K), 1 survivors (1024K)
 Metaspace       used 15099K, capacity 16017K, committed 16128K, reserved 1062912K
  class space    used 2168K, capacity 2303K, committed 2304K, reserved 1048576K
}
Event: 11.506 GC heap after
{Heap after GC invocations=26 (full 0):
 garbage-first heap   total 276480K, used 10309K [0x0000000082400000, 0x0000000100000000)
  region size 1024K, 1 young (1024K), 1 survivors (1024K)
 Metaspace       used 15099K, capacity 16017K, committed 16128K, reserved 1062912K
  class space    used 2168K, capacity 2303K, committed 2304K, reserved 1048576K
}
Event: 11.543 GC heap before
{Heap before GC invocations=26 (full 0):
 garbage-first heap   total 276480K, used 175173K [0x0000000082400000, 0x0000000100000000)
  region size 1024K, 162 young (165888K), 1 survivors (1024K)
 Metaspace       used 15099K, capacity 16017K, committed 16128K, reserved 1062912K
  class space    used 2168K, capacity 2303K, committed 2304K, reserved 1048576K
}
Event: 11.543 GC heap after
{Heap after GC invocations=27 (full 0):
 garbage-first heap   total 276480K, used 10311K [0x0000000082400000, 0x0000000100000000)
  region size 1024K, 1 young (1024K), 1 survivors (1024K)
 Metaspace       used 15099K, capacity 16017K, committed 16128K, reserved 1062912K
  class space    used 2168K, capacity 2303K, committed 2304K, reserved 1048576K
}
Event: 11.581 GC heap before
{Heap before GC invocations=27 (full 0):
 garbage-first heap   total 276480K, used 175175K [0x0000000082400000, 0x0000000100000000)
  region size 1024K, 162 young (165888K), 1 survivors (1024K)
 Metaspace       used 15101K, capacity 16017K, committed 16128K, reserved 1062912K
  class space    used 2168K, capacity 2303K, committed 2304K, reserved 1048576K
}

Deoptimization events (20 events):
Event: 8.659 Thread 0x0000000023f9c990 Uncommon trap: trap_request=0xffffffde fr.pc=0x00000000129d39b4 relative=0x0000000000000114
Event: 8.659 Thread 0x0000000023f9c990 Uncommon trap: reason=class_check action=maybe_recompile pc=0x00000000129d39b4 method=jdk.internal.misc.Unsafe.allocateUninitializedArray(Ljava/lang/Class;I)Ljava/lang/Object; @ 51 c2
Event: 8.659 Thread 0x0000000023f9c990 DEOPT PACKING pc=0x00000000129d39b4 sp=0x00000000254edc40
Event: 8.659 Thread 0x0000000023f9c990 DEOPT UNPACKING pc=0x000000000ae9e42f sp=0x00000000254edbc8 mode 2
Event: 8.659 Thread 0x0000000023f9c990 Uncommon trap: trap_request=0xffffffde fr.pc=0x00000000129d39b4 relative=0x0000000000000114
Event: 8.659 Thread 0x0000000023f9c990 Uncommon trap: reason=class_check action=maybe_recompile pc=0x00000000129d39b4 method=jdk.internal.misc.Unsafe.allocateUninitializedArray(Ljava/lang/Class;I)Ljava/lang/Object; @ 51 c2
Event: 8.659 Thread 0x0000000023f9c990 DEOPT PACKING pc=0x00000000129d39b4 sp=0x00000000254edc40
Event: 8.660 Thread 0x0000000023f9c990 DEOPT UNPACKING pc=0x000000000ae9e42f sp=0x00000000254edbc8 mode 2
Event: 8.736 Thread 0x0000000023f9c990 Uncommon trap: trap_request=0xffffffde fr.pc=0x00000000129d39b4 relative=0x0000000000000114
Event: 8.736 Thread 0x0000000023f9c990 Uncommon trap: reason=class_check action=maybe_recompile pc=0x00000000129d39b4 method=jdk.internal.misc.Unsafe.allocateUninitializedArray(Ljava/lang/Class;I)Ljava/lang/Object; @ 51 c2
Event: 8.736 Thread 0x0000000023f9c990 DEOPT PACKING pc=0x00000000129d39b4 sp=0x00000000254edc40
Event: 8.736 Thread 0x0000000023f9c990 DEOPT UNPACKING pc=0x000000000ae9e42f sp=0x00000000254edbc8 mode 2
Event: 8.736 Thread 0x0000000023f9c990 Uncommon trap: trap_request=0xffffffde fr.pc=0x00000000129d39b4 relative=0x0000000000000114
Event: 8.736 Thread 0x0000000023f9c990 Uncommon trap: reason=class_check action=maybe_recompile pc=0x00000000129d39b4 method=jdk.internal.misc.Unsafe.allocateUninitializedArray(Ljava/lang/Class;I)Ljava/lang/Object; @ 51 c2
Event: 8.736 Thread 0x0000000023f9c990 DEOPT PACKING pc=0x00000000129d39b4 sp=0x00000000254edc40
Event: 8.736 Thread 0x0000000023f9c990 DEOPT UNPACKING pc=0x000000000ae9e42f sp=0x00000000254edbc8 mode 2
Event: 10.576 Thread 0x0000000024860eb0 Uncommon trap: trap_request=0xffffff45 fr.pc=0x000000001299e3c8 relative=0x00000000000002a8
Event: 10.576 Thread 0x0000000024860eb0 Uncommon trap: reason=unstable_if action=reinterpret pc=0x000000001299e3c8 method=java.util.WeakHashMap.expungeStaleEntries()V @ 9 c2
Event: 10.576 Thread 0x0000000024860eb0 DEOPT PACKING pc=0x000000001299e3c8 sp=0x000000002600ce70
Event: 10.576 Thread 0x0000000024860eb0 DEOPT UNPACKING pc=0x000000000ae9e42f sp=0x000000002600ce08 mode 2

Classes unloaded (0 events):
No events

Classes redefined (0 events):
No events

Internal exceptions (20 events):
Event: 1.279 Thread 0x0000000024860eb0 Exception <a 'java/lang/NoSuchMethodError'{0x0000000089956a50}: 'void java.lang.invoke.DirectMethodHandle$Holder.invokeSpecial(java.lang.Object, java.lang.Object, java.lang.Object, java.lang.Object, java.lang.Object)'> (0x0000000089956a50) 
thrown [./open/src/hotspot/share/interpreter/linkResolver.cpp, line 782]
Event: 1.432 Thread 0x0000000024860eb0 Exception <a 'java/lang/NoSuchMethodError'{0x0000000089204ef8}: 'void java.lang.invoke.DirectMethodHandle$Holder.invokeStaticInit(java.lang.Object, java.lang.Object)'> (0x0000000089204ef8) 
thrown [./open/src/hotspot/share/interpreter/linkResolver.cpp, line 782]
Event: 1.612 Thread 0x0000000024860eb0 Implicit null exception at 0x0000000012946b58 to 0x0000000012946bea
Event: 1.633 Thread 0x0000000024860eb0 Implicit null exception at 0x000000001297318d to 0x0000000012973574
Event: 1.634 Thread 0x0000000024860eb0 Implicit null exception at 0x000000001296da0a to 0x000000001296dde4
Event: 1.836 Thread 0x0000000024860eb0 Exception <a 'java/lang/NoSuchMethodError'{0x0000000089920210}: 'java.lang.Object java.lang.invoke.DirectMethodHandle$Holder.invokeInterface(java.lang.Object, java.lang.Object, java.lang.Object)'> (0x0000000089920210) 
thrown [./open/src/hotspot/share/interpreter/linkResolver.cpp, line 782]
Event: 1.836 Thread 0x0000000024860eb0 Exception <a 'java/lang/IncompatibleClassChangeError'{0x0000000089923d90}: Found class java.lang.Object, but interface was expected> (0x0000000089923d90) 
thrown [./open/src/hotspot/share/interpreter/linkResolver.cpp, line 848]
Event: 1.901 Thread 0x0000000024860eb0 Exception <a 'java/lang/NoSuchMethodError'{0x0000000089866fc0}: 'int java.lang.invoke.DirectMethodHandle$Holder.invokeStaticInit(java.lang.Object, java.lang.Object)'> (0x0000000089866fc0) 
thrown [./open/src/hotspot/share/interpreter/linkResolver.cpp, line 782]
Event: 1.951 Thread 0x0000000024860eb0 Exception <a 'java/lang/NoSuchMethodError'{0x00000000895a5318}: 'void java.lang.invoke.DirectMethodHandle$Holder.invokeSpecial(java.lang.Object, java.lang.Object, java.lang.Object, java.lang.Object, java.lang.Object, java.lang.Object)'> (0x00000000895a5318) 
thrown [./open/src/hotspot/share/interpreter/linkResolver.cpp, line 782]
Event: 2.100 Thread 0x0000000024860eb0 Exception <a 'java/lang/NoSuchMethodError'{0x000000008929c6a0}: 'java.lang.Object java.lang.invoke.DirectMethodHandle$Holder.newInvokeSpecial(java.lang.Object, java.lang.Object, int)'> (0x000000008929c6a0) 
thrown [./open/src/hotspot/share/interpreter/linkResolver.cpp, line 782]
Event: 2.254 Thread 0x0000000023f9c990 Exception <a 'java/lang/NoSuchMethodError'{0x0000000088bf4ee8}: 'java.lang.Object java.lang.invoke.DirectMethodHandle$Holder.invokeStaticInit(java.lang.Object, int)'> (0x0000000088bf4ee8) 
thrown [./open/src/hotspot/share/interpreter/linkResolver.cpp, line 782]
Event: 3.093 Thread 0x0000000024860eb0 Exception <a 'java/lang/NoSuchMethodError'{0x00000000888d1e28}: 'long java.lang.invoke.DirectMethodHandle$Holder.invokeStatic(java.lang.Object, java.lang.Object, java.lang.Object)'> (0x00000000888d1e28) 
thrown [./open/src/hotspot/share/interpreter/linkResolver.cpp, line 782]
Event: 3.093 Thread 0x0000000024860eb0 Exception <a 'java/lang/NoSuchMethodError'{0x00000000888d57d8}: 'long java.lang.invoke.DirectMethodHandle$Holder.invokeStaticInit(java.lang.Object, java.lang.Object, java.lang.Object)'> (0x00000000888d57d8) 
thrown [./open/src/hotspot/share/interpreter/linkResolver.cpp, line 782]
Event: 3.095 Thread 0x0000000024860eb0 Exception <a 'java/lang/NoSuchMethodError'{0x00000000888ed838}: 'java.lang.Object java.lang.invoke.DirectMethodHandle$Holder.newInvokeSpecial(java.lang.Object, java.lang.Object, long)'> (0x00000000888ed838) 
thrown [./open/src/hotspot/share/interpreter/linkResolver.cpp, line 782]
Event: 3.096 Thread 0x0000000024860eb0 Exception <a 'java/lang/NoSuchMethodError'{0x00000000888f15a8}: 'java.lang.Object java.lang.invoke.Invokers$Holder.linkToTargetMethod(java.lang.Object, long, java.lang.Object)'> (0x00000000888f15a8) 
thrown [./open/src/hotspot/share/interpreter/linkResolver.cpp, line 782]
Event: 8.191 Thread 0x0000000024860eb0 Implicit null exception at 0x0000000012960974 to 0x0000000012960f30
Event: 8.191 Thread 0x0000000024860eb0 Implicit null exception at 0x0000000012966a74 to 0x0000000012966fe8
Event: 10.606 Thread 0x0000000024860eb0 Exception <a 'java/lang/NoSuchMethodError'{0x0000000089f286d0}: 'java.lang.Object java.lang.invoke.DirectMethodHandle$Holder.newInvokeSpecial(java.lang.Object, java.lang.Object, int, int, int, int, int, java.lang.Object)'> (0x0000000089f286d0) 
thrown [./open/src/hotspot/share/interpreter/linkResolver.cpp, line 782]
Event: 10.608 Thread 0x0000000024860eb0 Exception <a 'java/lang/NoSuchMethodError'{0x0000000089f3c240}: 'java.lang.Object java.lang.invoke.DirectMethodHandle$Holder.newInvokeSpecial(java.lang.Object, java.lang.Object, java.lang.Object, int, int, int, int, int)'> (0x0000000089f3c240) 
thrown [./open/src/hotspot/share/interpreter/linkResolver.cpp, line 782]
Event: 10.609 Thread 0x0000000024860eb0 Exception <a 'java/lang/NoSuchMethodError'{0x0000000089f43da0}: 'java.lang.Object java.lang.invoke.Invokers$Holder.linkToTargetMethod(java.lang.Object, java.lang.Object, int, int, int, int, int, java.lang.Object)'> (0x0000000089f43da0) 
thrown [./open/src/hotspot/share/interpreter/linkResolver.cpp, line 782]

Events (20 events):
Event: 11.580 Thread 0x00000000242a96e0 Thread added: 0x00000000242a96e0
Event: 11.580 Thread 0x00000000242a96e0 Thread exited: 0x00000000242a96e0
Event: 11.580 Thread 0x00000000242a96e0 Thread added: 0x00000000242a96e0
Event: 11.580 Thread 0x00000000242a96e0 Thread exited: 0x00000000242a96e0
Event: 11.580 Thread 0x00000000242a96e0 Thread added: 0x00000000242a96e0
Event: 11.581 Thread 0x00000000242a96e0 Thread exited: 0x00000000242a96e0
Event: 11.581 Thread 0x00000000242a96e0 Thread added: 0x00000000242a96e0
Event: 11.581 Thread 0x00000000242a96e0 Thread exited: 0x00000000242a96e0
Event: 11.581 Thread 0x00000000242a96e0 Thread added: 0x00000000242a96e0
Event: 11.581 Thread 0x00000000242a96e0 Thread exited: 0x00000000242a96e0
Event: 11.581 Thread 0x00000000242a96e0 Thread added: 0x00000000242a96e0
Event: 11.581 Thread 0x00000000242a96e0 Thread exited: 0x00000000242a96e0
Event: 11.581 Thread 0x00000000242a96e0 Thread added: 0x00000000242a96e0
Event: 11.581 Thread 0x00000000242a96e0 Thread exited: 0x00000000242a96e0
Event: 11.581 Thread 0x00000000242a96e0 Thread added: 0x00000000242a96e0
Event: 11.581 Thread 0x00000000242a96e0 Thread exited: 0x00000000242a96e0
Event: 11.581 Thread 0x00000000242a96e0 Thread added: 0x00000000242a96e0
Event: 11.581 Thread 0x00000000242a96e0 Thread exited: 0x00000000242a96e0
Event: 11.581 Thread 0x00000000242a96e0 Thread added: 0x00000000242a96e0
Event: 11.581 Executing VM operation: G1CollectForAllocation


Dynamic libraries:
0x000000013f0e0000 - 0x000000013f0ed000 	C:\Java\bin\java.exe
0x0000000077710000 - 0x00000000778af000 	C:\Windows\SYSTEM32\ntdll.dll
0x00000000775f0000 - 0x000000007770f000 	C:\Windows\system32\kernel32.dll
0x000007fefd2b0000 - 0x000007fefd317000 	C:\Windows\system32\KERNELBASE.dll
0x000007feec2b0000 - 0x000007feec2c8000 	C:\Java\bin\jli.dll
0x000007fefbb00000 - 0x000007fefbcf5000 	C:\Windows\WinSxS\amd64_microsoft.windows.common-controls_6595b64144ccf1df_6.0.7601.24483_none_e372d88f30fbb845\COMCTL32.dll
0x000007fefdfe0000 - 0x000007fefe07f000 	C:\Windows\system32\msvcrt.dll
0x000007fefdf70000 - 0x000007fefdfd7000 	C:\Windows\system32\GDI32.dll
0x00000000774f0000 - 0x00000000775ea000 	C:\Windows\system32\USER32.dll
0x000007fefe560000 - 0x000007fefe56e000 	C:\Windows\system32\LPK.dll
0x000007fefe860000 - 0x000007fefe92b000 	C:\Windows\system32\USP10.dll
0x000007fefe9d0000 - 0x000007fefea41000 	C:\Windows\system32\SHLWAPI.dll
0x000007feec2d0000 - 0x000007feec2e9000 	C:\Java\bin\VCRUNTIME140.dll
0x000007feec290000 - 0x000007feec294000 	C:\Java\bin\api-ms-win-crt-runtime-l1-1-0.dll
0x000007feec190000 - 0x000007feec28a000 	C:\Java\bin\ucrtbase.DLL
0x000007feec2a0000 - 0x000007feec2a3000 	C:\Java\bin\api-ms-win-core-localization-l1-2-0.dll
0x000007feec170000 - 0x000007feec173000 	C:\Java\bin\api-ms-win-core-processthreads-l1-1-1.dll
0x000007feec180000 - 0x000007feec183000 	C:\Java\bin\api-ms-win-core-file-l1-2-0.dll
0x000007feec150000 - 0x000007feec153000 	C:\Java\bin\api-ms-win-core-timezone-l1-1-0.dll
0x000007feec160000 - 0x000007feec163000 	C:\Java\bin\api-ms-win-core-file-l2-1-0.dll
0x000007feec130000 - 0x000007feec133000 	C:\Java\bin\api-ms-win-core-synch-l1-2-0.dll
0x000007feec140000 - 0x000007feec143000 	C:\Java\bin\api-ms-win-crt-heap-l1-1-0.dll
0x000007feec110000 - 0x000007feec114000 	C:\Java\bin\api-ms-win-crt-string-l1-1-0.dll
0x000007feec120000 - 0x000007feec124000 	C:\Java\bin\api-ms-win-crt-stdio-l1-1-0.dll
0x000007feec0f0000 - 0x000007feec0f4000 	C:\Java\bin\api-ms-win-crt-convert-l1-1-0.dll
0x000007feec100000 - 0x000007feec103000 	C:\Java\bin\api-ms-win-crt-environment-l1-1-0.dll
0x000007feec0d0000 - 0x000007feec0d3000 	C:\Java\bin\api-ms-win-crt-filesystem-l1-1-0.dll
0x000007feec0e0000 - 0x000007feec0e5000 	C:\Java\bin\api-ms-win-crt-math-l1-1-0.dll
0x000007feec0b0000 - 0x000007feec0b3000 	C:\Java\bin\api-ms-win-crt-locale-l1-1-0.dll
0x000007fefe080000 - 0x000007fefe0ae000 	C:\Windows\system32\IMM32.DLL
0x000007fefddb0000 - 0x000007fefdebb000 	C:\Windows\system32\MSCTF.dll
0x000007fefd1a0000 - 0x000007fefd1d0000 	C:\Windows\system32\nvinitx.dll
0x000007fefd190000 - 0x000007fefd19c000 	C:\Windows\system32\VERSION.dll
0x000007fefd6c0000 - 0x000007fefd79b000 	C:\Windows\system32\ADVAPI32.dll
0x000007fefea50000 - 0x000007fefea6f000 	C:\Windows\SYSTEM32\sechost.dll
0x000007fefe430000 - 0x000007fefe55c000 	C:\Windows\system32\RPCRT4.dll
0x000000006feb0000 - 0x000000006feb6000 	C:\Program Files\NVIDIA Corporation\CoProcManager\detoured.dll
0x000007fef77a0000 - 0x000007fef77d8000 	C:\Program Files\NVIDIA Corporation\CoProcManager\nvd3d9wrapx.dll
0x000007fefe240000 - 0x000007fefe417000 	C:\Windows\system32\SETUPAPI.dll
0x000007fefd4d0000 - 0x000007fefd506000 	C:\Windows\system32\CFGMGR32.dll
0x000007fefd820000 - 0x000007fefd8fb000 	C:\Windows\system32\OLEAUT32.dll
0x000007fefea70000 - 0x000007fefec6f000 	C:\Windows\system32\ole32.dll
0x000007fefd280000 - 0x000007fefd29a000 	C:\Windows\system32\DEVOBJ.dll
0x000007fef6650000 - 0x000007fef6674000 	C:\Program Files\NVIDIA Corporation\CoProcManager\nvdxgiwrapx.dll
0x000007feec0c0000 - 0x000007feec0cc000 	C:\Java\bin\vcruntime140_1.dll
0x000007feebf70000 - 0x000007feec001000 	C:\Java\bin\msvcp140.dll
0x000007feec0a0000 - 0x000007feec0a3000 	C:\Java\bin\api-ms-win-crt-time-l1-1-0.dll
0x000007feec090000 - 0x000007feec093000 	C:\Java\bin\api-ms-win-crt-utility-l1-1-0.dll
0x000007feeb410000 - 0x000007feebf6e000 	C:\Java\bin\server\jvm.dll
0x000007fef86b0000 - 0x000007fef86b9000 	C:\Windows\system32\WSOCK32.dll
0x000007fefdec0000 - 0x000007fefdf0d000 	C:\Windows\system32\WS2_32.dll
0x000007fefe420000 - 0x000007fefe428000 	C:\Windows\system32\NSI.dll
0x000007fefa6e0000 - 0x000007fefa71b000 	C:\Windows\system32\WINMM.dll
0x00000000778c0000 - 0x00000000778c7000 	C:\Windows\system32\PSAPI.DLL
0x000007feec080000 - 0x000007feec08a000 	C:\Java\bin\jimage.dll
0x000007fef7bd0000 - 0x000007fef7cf5000 	C:\Windows\system32\DBGHELP.DLL
0x000007fefbad0000 - 0x000007fefbade000 	C:\Java\bin\instrument.dll
0x000007feec050000 - 0x000007feec075000 	C:\Java\bin\java.dll
0x000007fefec70000 - 0x000007feff9fb000 	C:\Windows\system32\SHELL32.dll
0x000007fefd260000 - 0x000007fefd26f000 	C:\Windows\system32\profapi.dll
0x000007feec030000 - 0x000007feec049000 	C:\Java\bin\net.dll
0x000007fefae80000 - 0x000007fefaef1000 	C:\Windows\system32\WINHTTP.dll
0x000007fefae10000 - 0x000007fefae75000 	C:\Windows\system32\webio.dll
0x000007fefc960000 - 0x000007fefc9b5000 	C:\Windows\system32\mswsock.dll
0x000007fefc950000 - 0x000007fefc957000 	C:\Windows\System32\wship6.dll
0x000007feec010000 - 0x000007feec022000 	C:\Java\bin\nio.dll
0x000007feeb390000 - 0x000007feeb3a8000 	C:\Java\bin\zip.dll
0x000007fefa290000 - 0x000007fefa2aa000 	C:\Program Files\JetBrains\IntelliJ IDEA 2020.3\bin\breakgen64.dll
0x000007fefa280000 - 0x000007fefa283000 	C:\Java\javafx\javafx-sdk-15.0.1\bin\api-ms-win-core-console-l1-1-0.dll
0x000007fefa270000 - 0x000007fefa273000 	C:\Java\javafx\javafx-sdk-15.0.1\bin\api-ms-win-core-console-l1-2-0.dll
0x000007fefa260000 - 0x000007fefa263000 	C:\Java\javafx\javafx-sdk-15.0.1\bin\api-ms-win-core-datetime-l1-1-0.dll
0x000007fefa250000 - 0x000007fefa253000 	C:\Java\javafx\javafx-sdk-15.0.1\bin\api-ms-win-core-debug-l1-1-0.dll
0x000007fefa120000 - 0x000007fefa123000 	C:\Java\javafx\javafx-sdk-15.0.1\bin\api-ms-win-core-errorhandling-l1-1-0.dll
0x000007fef9970000 - 0x000007fef9974000 	C:\Java\javafx\javafx-sdk-15.0.1\bin\api-ms-win-core-file-l1-1-0.dll
0x000007fef9960000 - 0x000007fef9963000 	C:\Java\javafx\javafx-sdk-15.0.1\bin\api-ms-win-core-file-l1-2-0.dll
0x000007fef9950000 - 0x000007fef9953000 	C:\Java\javafx\javafx-sdk-15.0.1\bin\api-ms-win-core-file-l2-1-0.dll
0x000007fef9900000 - 0x000007fef9903000 	C:\Java\javafx\javafx-sdk-15.0.1\bin\api-ms-win-core-handle-l1-1-0.dll
0x000007fef98f0000 - 0x000007fef98f3000 	C:\Java\javafx\javafx-sdk-15.0.1\bin\api-ms-win-core-heap-l1-1-0.dll
0x000007fef98e0000 - 0x000007fef98e3000 	C:\Java\javafx\javafx-sdk-15.0.1\bin\api-ms-win-core-interlocked-l1-1-0.dll
0x000007fef98d0000 - 0x000007fef98d3000 	C:\Java\javafx\javafx-sdk-15.0.1\bin\api-ms-win-core-libraryloader-l1-1-0.dll
0x000007fef98c0000 - 0x000007fef98c3000 	C:\Java\javafx\javafx-sdk-15.0.1\bin\api-ms-win-core-localization-l1-2-0.dll
0x000007fef98b0000 - 0x000007fef98b3000 	C:\Java\javafx\javafx-sdk-15.0.1\bin\api-ms-win-core-memory-l1-1-0.dll
0x000007fef98a0000 - 0x000007fef98a3000 	C:\Java\javafx\javafx-sdk-15.0.1\bin\api-ms-win-core-namedpipe-l1-1-0.dll
0x000007fef9880000 - 0x000007fef9883000 	C:\Java\javafx\javafx-sdk-15.0.1\bin\api-ms-win-core-processenvironment-l1-1-0.dll
0x000007fef9870000 - 0x000007fef9873000 	C:\Java\javafx\javafx-sdk-15.0.1\bin\api-ms-win-core-processthreads-l1-1-0.dll
0x000007fef9860000 - 0x000007fef9863000 	C:\Java\javafx\javafx-sdk-15.0.1\bin\api-ms-win-core-processthreads-l1-1-1.dll
0x000007fef5820000 - 0x000007fef5823000 	C:\Java\javafx\javafx-sdk-15.0.1\bin\api-ms-win-core-profile-l1-1-0.dll
0x000007fef4520000 - 0x000007fef4523000 	C:\Java\javafx\javafx-sdk-15.0.1\bin\api-ms-win-core-rtlsupport-l1-1-0.dll
0x000007fef4510000 - 0x000007fef4513000 	C:\Java\javafx\javafx-sdk-15.0.1\bin\api-ms-win-core-string-l1-1-0.dll
0x000007fef4500000 - 0x000007fef4503000 	C:\Java\javafx\javafx-sdk-15.0.1\bin\api-ms-win-core-synch-l1-1-0.dll
0x000007fef44f0000 - 0x000007fef44f3000 	C:\Java\javafx\javafx-sdk-15.0.1\bin\api-ms-win-core-synch-l1-2-0.dll
0x000007fef44e0000 - 0x000007fef44e3000 	C:\Java\javafx\javafx-sdk-15.0.1\bin\api-ms-win-core-sysinfo-l1-1-0.dll
0x000007fef44d0000 - 0x000007fef44d3000 	C:\Java\javafx\javafx-sdk-15.0.1\bin\api-ms-win-core-timezone-l1-1-0.dll
0x000007fef44c0000 - 0x000007fef44c3000 	C:\Java\javafx\javafx-sdk-15.0.1\bin\api-ms-win-core-util-l1-1-0.dll
0x000007fef44b0000 - 0x000007fef44b3000 	C:\Java\javafx\javafx-sdk-15.0.1\bin\api-ms-win-crt-conio-l1-1-0.dll
0x000007fef44a0000 - 0x000007fef44a4000 	C:\Java\javafx\javafx-sdk-15.0.1\bin\api-ms-win-crt-convert-l1-1-0.dll
0x000007fef4490000 - 0x000007fef4493000 	C:\Java\javafx\javafx-sdk-15.0.1\bin\api-ms-win-crt-environment-l1-1-0.dll
0x000007fef4480000 - 0x000007fef4483000 	C:\Java\javafx\javafx-sdk-15.0.1\bin\api-ms-win-crt-filesystem-l1-1-0.dll
0x000007fef4470000 - 0x000007fef4473000 	C:\Java\javafx\javafx-sdk-15.0.1\bin\api-ms-win-crt-heap-l1-1-0.dll
0x000007fef4460000 - 0x000007fef4463000 	C:\Java\javafx\javafx-sdk-15.0.1\bin\api-ms-win-crt-locale-l1-1-0.dll
0x000007fef4450000 - 0x000007fef4455000 	C:\Java\javafx\javafx-sdk-15.0.1\bin\api-ms-win-crt-math-l1-1-0.dll
0x000007fef4420000 - 0x000007fef4425000 	C:\Java\javafx\javafx-sdk-15.0.1\bin\api-ms-win-crt-multibyte-l1-1-0.dll
0x000007fef4410000 - 0x000007fef4420000 	C:\Java\javafx\javafx-sdk-15.0.1\bin\api-ms-win-crt-private-l1-1-0.dll
0x000007fef4400000 - 0x000007fef4403000 	C:\Java\javafx\javafx-sdk-15.0.1\bin\api-ms-win-crt-process-l1-1-0.dll
0x000007fef43f0000 - 0x000007fef43f4000 	C:\Java\javafx\javafx-sdk-15.0.1\bin\api-ms-win-crt-runtime-l1-1-0.dll
0x000007fef43e0000 - 0x000007fef43e4000 	C:\Java\javafx\javafx-sdk-15.0.1\bin\api-ms-win-crt-stdio-l1-1-0.dll
0x000007fef43d0000 - 0x000007fef43d4000 	C:\Java\javafx\javafx-sdk-15.0.1\bin\api-ms-win-crt-string-l1-1-0.dll
0x000007fef43c0000 - 0x000007fef43c3000 	C:\Java\javafx\javafx-sdk-15.0.1\bin\api-ms-win-crt-time-l1-1-0.dll
0x000007fef43b0000 - 0x000007fef43b3000 	C:\Java\javafx\javafx-sdk-15.0.1\bin\api-ms-win-crt-utility-l1-1-0.dll
0x000007fed38a0000 - 0x000007fed399c000 	C:\Java\javafx\javafx-sdk-15.0.1\bin\ucrtbase.dll
0x000007fef4390000 - 0x000007fef43a5000 	C:\Java\javafx\javafx-sdk-15.0.1\bin\vcruntime140.dll
0x000007feee340000 - 0x000007feee3db000 	C:\Java\javafx\javafx-sdk-15.0.1\bin\msvcp140.dll
0x000007fef1240000 - 0x000007fef1263000 	C:\Java\javafx\javafx-sdk-15.0.1\bin\prism_d3d.dll
0x000007feeff10000 - 0x000007fef010f000 	C:\Windows\system32\d3d9.dll
0x000007fef1910000 - 0x000007fef1917000 	C:\Windows\system32\d3d8thk.dll
0x000007fefb4f0000 - 0x000007fefb508000 	C:\Windows\system32\dwmapi.dll
0x000007fefd510000 - 0x000007fefd54b000 	C:\Windows\system32\WINTRUST.dll
0x000007fefd360000 - 0x000007fefd4cd000 	C:\Windows\system32\CRYPT32.dll
0x000007fefd270000 - 0x000007fefd27f000 	C:\Windows\system32\MSASN1.dll
0x000007fefb920000 - 0x000007fefb976000 	C:\Windows\system32\uxtheme.dll
0x000007fef5840000 - 0x000007fef58c2000 	C:\Windows\system32\nvumdshimx.dll
0x000007fee13b0000 - 0x000007fee1fd0000 	C:\Windows\system32\igdumd64.dll
0x000007fee0310000 - 0x000007fee13a9000 	C:\Windows\system32\nvd3dumx.dll
0x000007fef11f0000 - 0x000007fef1235000 	C:\Java\javafx\javafx-sdk-15.0.1\bin\glass.dll
0x000007fefd620000 - 0x000007fefd6b7000 	C:\Windows\system32\COMDLG32.dll
0x000007fefd080000 - 0x000007fefd08f000 	C:\Windows\system32\CRYPTBASE.dll
0x000007fefaf60000 - 0x000007fefaf8c000 	C:\Windows\system32\powrprof.dll
0x0000000180000000 - 0x0000000180044000 	C:\Program Files\Acer\Acer PowerSmart Manager\SysHook.dll

dbghelp: loaded successfully - version: 4.0.5 - missing functions: none
symbol engine: initialized successfully - sym options: 0x614 - pdb path: .;C:\Java\bin;C:\Windows\SYSTEM32;C:\Windows\WinSxS\amd64_microsoft.windows.common-controls_6595b64144ccf1df_6.0.7601.24483_none_e372d88f30fbb845;C:\Program Files\NVIDIA Corporation\CoProcManager;C:\Java\bin\server;C:\Program Files\JetBrains\IntelliJ IDEA 2020.3\bin;C:\Java\javafx\javafx-sdk-15.0.1\bin;C:\Program Files\Acer\Acer PowerSmart Manager;C:\PROGRA~1\MICROS~2\Office14;C:\Windows\WinSxS\amd64_microsoft.vc90.crt_1fc8b3b9a1e18e3b_9.0.30729.6161_none_08e61857a83bc251;C:\Windows\WinSxS\amd64_microsoft.vc90.atl_1fc8b3b9a1e18e3b_9.0.30729.6161_none_0a1fd3a3a768b895;C:\PROGRA~1\COMMON~1\MICROS~1\OFFICE14\Cultures;C:\PROGRA~1\MICROS~2\Office14\1049;C:\Program Files\Internet Explorer;C:\Windows\WinSxS\amd64_microsoft.windows.gdiplus_6595b64144ccf1df_1.1.7601.24542_none_1459e0f08b91b367

VM Arguments:
jvm_args: --module-path=C:\Java\javafx\javafx-sdk-15.0.1\lib --add-modules=javafx.controls,javafx.fxml,javafx.media -javaagent:C:\Program Files\JetBrains\IntelliJ IDEA 2020.3\lib\idea_rt.jar=52572:C:\Program Files\JetBrains\IntelliJ IDEA 2020.3\bin -Dfile.encoding=UTF-8 
java_command: MPlayer
java_class_path (initial): C:\Users\Sasha\IdeaProjects\Player\out\production\Player;C:\Program Files\JetBrains\IntelliJ IDEA 2020.3\plugins\Kotlin\kotlinc\lib\kotlin-stdlib.jar;C:\Program Files\JetBrains\IntelliJ IDEA 2020.3\plugins\Kotlin\kotlinc\lib\kotlin-reflect.jar;C:\Program Files\JetBrains\IntelliJ IDEA 2020.3\plugins\Kotlin\kotlinc\lib\kotlin-test.jar;C:\Program Files\JetBrains\IntelliJ IDEA 2020.3\plugins\Kotlin\kotlinc\lib\kotlin-stdlib-jdk7.jar;C:\Program Files\JetBrains\IntelliJ IDEA 2020.3\plugins\Kotlin\kotlinc\lib\kotlin-stdlib-jdk8.jar;C:\Java\javafx\javafx-sdk-15.0.1\lib\src.zip;C:\Java\javafx\javafx-sdk-15.0.1\lib\javafx-swt.jar;C:\Java\javafx\javafx-sdk-15.0.1\lib\javafx.web.jar;C:\Java\javafx\javafx-sdk-15.0.1\lib\javafx.base.jar;C:\Java\javafx\javafx-sdk-15.0.1\lib\javafx.fxml.jar;C:\Java\javafx\javafx-sdk-15.0.1\lib\javafx.media.jar;C:\Java\javafx\javafx-sdk-15.0.1\lib\javafx.swing.jar;C:\Java\javafx\javafx-sdk-15.0.1\lib\javafx.controls.jar;C:\Java\javafx\javafx-sdk-15.0.1\lib\javafx.graphics.jar
Launcher Type: SUN_STANDARD

[Global flags]
     intx CICompilerCount                          = 3                                         {product} {ergonomic}
     uint ConcGCThreads                            = 1                                         {product} {ergonomic}
     uint G1ConcRefinementThreads                  = 4                                         {product} {ergonomic}
   size_t G1HeapRegionSize                         = 1048576                                   {product} {ergonomic}
    uintx GCDrainStackTargetSize                   = 64                                        {product} {ergonomic}
   size_t InitialHeapSize                          = 132120576                                 {product} {ergonomic}
   size_t MarkStackSize                            = 4194304                                   {product} {ergonomic}
   size_t MaxHeapSize                              = 2109734912                                {product} {ergonomic}
   size_t MaxNewSize                               = 1265631232                                {product} {ergonomic}
   size_t MinHeapDeltaBytes                        = 1048576                                   {product} {ergonomic}
   size_t MinHeapSize                              = 8388608                                   {product} {ergonomic}
    uintx NonNMethodCodeHeapSize                   = 5832780                                {pd product} {ergonomic}
    uintx NonProfiledCodeHeapSize                  = 122912730                              {pd product} {ergonomic}
    uintx ProfiledCodeHeapSize                     = 122912730                              {pd product} {ergonomic}
    uintx ReservedCodeCacheSize                    = 251658240                              {pd product} {ergonomic}
     bool SegmentedCodeCache                       = true                                      {product} {ergonomic}
   size_t SoftMaxHeapSize                          = 2109734912                             {manageable} {ergonomic}
     bool UseCompressedClassPointers               = true                                 {lp64_product} {ergonomic}
     bool UseCompressedOops                        = true                                 {lp64_product} {ergonomic}
     bool UseG1GC                                  = true                                      {product} {ergonomic}
     bool UseLargePagesIndividualAllocation        = false                                  {pd product} {ergonomic}

Logging:
Log output configuration:
 #0: stdout all=warning uptime,level,tags
 #1: stderr all=off uptime,level,tags

Environment Variables:
JAVA_HOME=C:\Program Files\Android\Jdk\microsoft_dist_openjdk_1.8.0.25
PATH=C:\Windows\system32;C:\Windows;C:\Windows\System32\Wbem;C:\Windows\System32\WindowsPowerShell\v1.0\;C:\Program Files\Intel\WiFi\bin\;C:\Program Files\Common Files\Intel\WirelessCommon\;C:\Program Files (x86)\Intel\OpenCL SDK\2.0\bin\x86;C:\Program Files (x86)\Intel\OpenCL SDK\2.0\bin\x64;C:\Program Files (x86)\NVIDIA Corporation\PhysX\Common;C:\Program Files\dotnet\;C:\Program Files\Common Files\Autodesk Shared\;C:\Program Files\Microsoft SQL Server\120\Tools\Binn\;C:\Program Files\Symfony;C:\Users\Sasha\AppData\Local\Programs\Microsoft VS Code\bin;C:\Users\Sasha\AppData\Local\GitHubDesktop\bin;C:\Users\Sasha\AppData\Local\Programs\Git\cmd;C:\php;C:\Users\Sasha\AppData\Local\ComposerSetup\bin;C:\Users\Sasha\AppData\Roaming\Composer\vendor\bin
USERNAME=Sasha
OS=Windows_NT
PROCESSOR_IDENTIFIER=Intel64 Family 6 Model 42 Stepping 7, GenuineIntel



---------------  S Y S T E M  ---------------

OS:
 Windows 7 , 64 bit Build 7601 (6.1.7601.24548)
OS uptime: 2 days 4:44 hours

CPU: total 4 (initial active 4) (2 cores per cpu, 2 threads per core) family 6 model 42 stepping 7 microcode 0x0, cmov, cx8, fxsr, mmx, sse, sse2, sse3, ssse3, sse4.1, sse4.2, popcnt, vzeroupper, avx, aes, clmul, ht, tsc, tscinvbit, clflush

Memory: 4k page, system-wide physical 8043M (1491M free)
TotalPageFile size 8042M (AvailPageFile size 49M)
current process WorkingSet (physical memory assigned to process): 167M, peak: 167M
current process commit charge ("private bytes"): 438M, peak: 492M

vm_info: OpenJDK 64-Bit Server VM (15.0.1+9-18) for windows-amd64 JRE (15.0.1+9-18), built on Sep 15 2020 14:39:31 by "mach5one" with unknown MS VC++:1925

END.
