#
# There is insufficient memory for the Java Runtime Environment to continue.
# Native memory allocation (mmap) failed to map 178257920 bytes for G1 virtual space
# Possible reasons:
#   The system is out of physical RAM or swap space
#   The process is running with CompressedOops enabled, and the Java Heap may be blocking the growth of the native heap
# Possible solutions:
#   Reduce memory load on the system
#   Increase physical memory or swap space
#   Check if swap backing store is full
#   Decrease Java heap size (-Xmx/-Xms)
#   Decrease number of Java threads
#   Decrease Java thread stack sizes (-Xss)
#   Set larger code cache with -XX:ReservedCodeCacheSize=
#   JVM is running with Unscaled Compressed Oops mode in which the Java heap is
#     placed in the first 4GB address space. The Java Heap base address is the
#     maximum limit for the native heap growth. Please use -XX:HeapBaseMinAddress
#     to set the Java Heap base and to place the Java Heap above 4GB virtual address.
# This output file may be truncated or incomplete.
#
#  Out of Memory Error (./open/src/hotspot/os/windows/os_windows.cpp:3472), pid=13068, tid=9660
#
# JRE version: OpenJDK Runtime Environment (15.0.1+9) (build 15.0.1+9-18)
# Java VM: OpenJDK 64-Bit Server VM (15.0.1+9-18, mixed mode, sharing, tiered, compressed oops, g1 gc, windows-amd64)
# No core dump will be written. Minidumps are not enabled by default on client versions of Windows
#

---------------  S U M M A R Y ------------

Command Line: --module-path=C:\Java\javafx\javafx-sdk-15.0.1\lib --add-modules=javafx.controls,javafx.fxml,javafx.media -javaagent:C:\Program Files\JetBrains\IntelliJ IDEA 2020.3\lib\idea_rt.jar=50295:C:\Program Files\JetBrains\IntelliJ IDEA 2020.3\bin -Dfile.encoding=UTF-8 MPlayer

Host: Intel(R) Core(TM) i5-2430M CPU @ 2.40GHz, 4 cores, 7G,  Windows 7 , 64 bit Build 7601 (6.1.7601.24548)
Time: Mon Dec 28 03:27:38 2020 RTZ 9 (ceia) elapsed time: 15.666761 seconds (0d 0h 0m 15s)

---------------  T H R E A D  ---------------

Current thread (0x000000002246d090):  VMThread "VM Thread" [stack: 0x00000000218e0000,0x00000000219e0000] [id=9660]

Stack: [0x00000000218e0000,0x00000000219e0000]
[error occurred during error reporting (printing stack bounds), id 0xc0000005, EXCEPTION_ACCESS_VIOLATION (0xc0000005) at pc=0x000000000b0510ad]

Native frames: (J=compiled Java code, j=interpreted, Vv=VM code, C=native code)
V  [jvm.dll+0x62ae9a]
V  [jvm.dll+0x781389]
V  [jvm.dll+0x782ae3]
V  [jvm.dll+0x7830a5]
V  [jvm.dll+0x78305b]
V  [jvm.dll+0x62a2b9]
V  [jvm.dll+0x62aa88]
C  [ntdll.dll+0x6bead]
C  [ntdll.dll+0x4040a]
C  [ntdll.dll+0x6b54e]
C  0x000000000b0510ad

VM_Operation (0x000000003153f0f0): G1CollectForAllocation, mode: safepoint, requested by thread 0x000000002512c1d0


---------------  P R O C E S S  ---------------

Threads class SMR info:
_java_thread_list=0x0000000027e9f410, length=23, elements={
0x0000000000331640, 0x000000002247a450, 0x000000002247af30, 0x000000002249b170,
0x000000002249be50, 0x000000002249eeb0, 0x00000000224ac470, 0x00000000224ad660,
0x00000000224b6b50, 0x00000000216a6ab0, 0x00000000244141d0, 0x000000002420fa90,
0x000000002458e4e0, 0x00000000240f9f30, 0x00000000245a7f90, 0x00000000242a9ba0,
0x0000000024518960, 0x000000002512a020, 0x000000002512a4f0, 0x000000002512a9c0,
0x000000002512b360, 0x000000002512b830, 0x000000002512c1d0
}

Java Threads: ( => current thread )
  0x0000000000331640 JavaThread "main" [_thread_blocked, id=7884, stack(0x00000000025e0000,0x00000000026e0000)]
  0x000000002247a450 JavaThread "Reference Handler" daemon [_thread_blocked, id=8008, stack(0x0000000022710000,0x0000000022810000)]
  0x000000002247af30 JavaThread "Finalizer" daemon [_thread_blocked, id=7848, stack(0x00000000225d0000,0x00000000226d0000)]
  0x000000002249b170 JavaThread "Signal Dispatcher" daemon [_thread_blocked, id=9392, stack(0x00000000229d0000,0x0000000022ad0000)]
  0x000000002249be50 JavaThread "Attach Listener" daemon [_thread_blocked, id=11076, stack(0x0000000022b50000,0x0000000022c50000)]
  0x000000002249eeb0 JavaThread "Service Thread" daemon [_thread_blocked, id=14732, stack(0x00000000228c0000,0x00000000229c0000)]
  0x00000000224ac470 JavaThread "C2 CompilerThread0" daemon [_thread_blocked, id=7204, stack(0x0000000022c50000,0x0000000022d50000)]
  0x00000000224ad660 JavaThread "C1 CompilerThread0" daemon [_thread_blocked, id=10172, stack(0x0000000022ea0000,0x0000000022fa0000)]
  0x00000000224b6b50 JavaThread "Sweeper thread" daemon [_thread_blocked, id=11256, stack(0x0000000023110000,0x0000000023210000)]
  0x00000000216a6ab0 JavaThread "Common-Cleaner" daemon [_thread_blocked, id=11824, stack(0x0000000022fc0000,0x00000000230c0000)]
  0x00000000244141d0 JavaThread "Monitor Ctrl-Break" daemon [_thread_in_native, id=12844, stack(0x0000000025200000,0x0000000025300000)]
  0x000000002420fa90 JavaThread "Notification Thread" daemon [_thread_blocked, id=7060, stack(0x0000000025360000,0x0000000025460000)]
  0x000000002458e4e0 JavaThread "QuantumRenderer-0" daemon [_thread_blocked, id=14656, stack(0x00000000238c0000,0x00000000239c0000)]
  0x00000000240f9f30 JavaThread "InvokeLaterDispatcher" daemon [_thread_blocked, id=13164, stack(0x0000000025970000,0x0000000025a70000)]
  0x00000000245a7f90 JavaThread "JavaFX Application Thread" [_thread_in_native, id=13036, stack(0x0000000025b80000,0x0000000025c80000)]
  0x00000000242a9ba0 JavaThread "Thread-1" daemon [_thread_blocked, id=2308, stack(0x0000000027400000,0x0000000027500000)]
  0x0000000024518960 JavaThread "JavaFX-Launcher" [_thread_blocked, id=13440, stack(0x00000000277d0000,0x00000000278d0000)]
  0x000000002512a020 JavaThread "Thread-3" [_thread_blocked, id=12444, stack(0x0000000028af0000,0x0000000028bf0000)]
  0x000000002512a4f0 JavaThread "Prism Font Disposer" daemon [_thread_blocked, id=8904, stack(0x000000002ac20000,0x000000002ad20000)]
  0x000000002512a9c0 JavaThread "Cleaner-0" daemon [_thread_blocked, id=6336, stack(0x00000000296f0000,0x00000000297f0000)]
  0x000000002512b360 JavaThread "JFXMedia Player EventQueueThread" daemon [_thread_blocked, id=8624, stack(0x00000000308b0000,0x00000000309b0000)]
  0x000000002512b830 JavaThread "Media Resource Disposer" daemon [_thread_blocked, id=12708, stack(0x0000000031600000,0x0000000031700000)]
  0x000000002512c1d0 JavaThread "Unknown thread" [_thread_blocked, id=14736, stack(0x0000000031440000,0x0000000031540000)]

Other Threads:
=>0x000000002246d090 VMThread "VM Thread" [stack: 0x00000000218e0000,0x00000000219e0000] [id=9660]
  0x00000000243fc350 WatcherThread [stack: 0x00000000237c0000,0x00000000238c0000] [id=12700]
  0x000000000036e5a0 GCTaskThread "GC Thread#0" [stack: 0x000000001ecf0000,0x000000001edf0000] [id=10552]
  0x0000000023b01d70 GCTaskThread "GC Thread#1" [stack: 0x0000000025470000,0x0000000025570000] [id=5656]
  0x0000000023b020a0 GCTaskThread "GC Thread#2" [stack: 0x0000000025750000,0x0000000025850000] [id=13268]
  0x0000000024c8d9b0 GCTaskThread "GC Thread#3" [stack: 0x0000000027550000,0x0000000027650000] [id=11104]
  0x000000000037f180 ConcurrentGCThread "G1 Main Marker" [stack: 0x000000001eed0000,0x000000001efd0000] [id=11284]
  0x000000000037fc80 ConcurrentGCThread "G1 Conc#0" [stack: 0x000000001f070000,0x000000001f170000] [id=11512]
  0x0000000021610d60 ConcurrentGCThread "G1 Refine#0" [stack: 0x00000000217a0000,0x00000000218a0000] [id=10720]
  0x0000000021612c30 ConcurrentGCThread "G1 Young RemSet Sampling" [stack: 0x0000000021a80000,0x0000000021b80000] [id=10112]

Threads with active compile tasks:
C2 CompilerThread0    15687 2248       4       java.lang.AbstractStringBuilder::append (45 bytes)

VM state: at safepoint (normal execution)

VM Mutex/Monitor currently owned by a thread:  ([mutex/lock_event])
[0x000000000032ecf0] Threads_lock - owner thread: 0x000000002246d090
[0x000000000032f3b0] Heap_lock - owner thread: 0x000000002512c1d0

Heap address: 0x0000000082400000, size: 2012 MB, Compressed Oops mode: 32-bit
CDS archive(s) mapped at: [0x0000000800000000-0x0000000800b50000-0x0000000800b50000), size 11862016, SharedBaseAddress: 0x0000000800000000, ArchiveRelocationMode: 0.
Compressed class space mapped at: 0x0000000800b50000-0x0000000840b50000, size: 1073741824
Narrow klass base: 0x0000000800000000, Narrow klass shift: 3, Narrow klass range: 0x100000000

GC Precious Log:
 CPUs: 4 total, 4 available
 Memory: 8043M
 Large Page Support: Disabled
 NUMA Support: Disabled
 Compressed Oops: Enabled (32-bit)
 Heap Region Size: 1M
 Heap Min Capacity: 8M
 Heap Initial Capacity: 126M
 Heap Max Capacity: 2012M
 Pre-touch: Disabled
 Parallel Workers: 4
 Concurrent Workers: 1
 Concurrent Refinement Workers: 4
 Periodic GC: Disabled

Heap:
 garbage-first heap   total 303104K, used 10240K [0x0000000082400000, 0x0000000100000000)
  region size 1024K, 1 young (1024K), 1 survivors (1024K)
 Metaspace       used 14853K, capacity 15824K, committed 15872K, reserved 1062912K
  class space    used 2168K, capacity 2303K, committed 2304K, reserved 1048576K

Heap Regions: E=young(eden), S=young(survivor), O=old, HS=humongous(starts), HC=humongous(continues), CS=collection set, F=free, OA=open archive, CA=closed archive, TAMS=top-at-mark-start (previous, next)
|   0|0x0000000082400000, 0x0000000082500000, 0x0000000082500000|100%| O|  |TAMS 0x0000000082400000, 0x0000000082400000| Untracked 
|   1|0x0000000082500000, 0x0000000082600000, 0x0000000082600000|100%| O|  |TAMS 0x0000000082500000, 0x0000000082500000| Untracked 
|   2|0x0000000082600000, 0x0000000082700000, 0x0000000082700000|100%| O|  |TAMS 0x0000000082600000, 0x0000000082600000| Untracked 
|   3|0x0000000082700000, 0x0000000082800000, 0x0000000082800000|100%| O|  |TAMS 0x0000000082700000, 0x0000000082700000| Untracked 
|   4|0x0000000082800000, 0x0000000082900000, 0x0000000082900000|100%|HS|  |TAMS 0x0000000082800000, 0x0000000082800000| Complete 
|   5|0x0000000082900000, 0x0000000082a00000, 0x0000000082a00000|100%|HC|  |TAMS 0x0000000082900000, 0x0000000082900000| Complete 
|   6|0x0000000082a00000, 0x0000000082b00000, 0x0000000082b00000|100%| O|  |TAMS 0x0000000082a00000, 0x0000000082a00000| Untracked 
|   7|0x0000000082b00000, 0x0000000082c00000, 0x0000000082c00000|100%| O|  |TAMS 0x0000000082b00000, 0x0000000082b00000| Untracked 
|   8|0x0000000082c00000, 0x0000000082d00000, 0x0000000082d00000|100%| O|  |TAMS 0x0000000082c00000, 0x0000000082c00000| Untracked 
|   9|0x0000000082d00000, 0x0000000082d00000, 0x0000000082e00000|  0%| F|  |TAMS 0x0000000082d00000, 0x0000000082d00000| Untracked 
|  10|0x0000000082e00000, 0x0000000082e00000, 0x0000000082f00000|  0%| F|  |TAMS 0x0000000082e00000, 0x0000000082e00000| Untracked 
|  11|0x0000000082f00000, 0x0000000082f00000, 0x0000000083000000|  0%| F|  |TAMS 0x0000000082f00000, 0x0000000082f00000| Untracked 
|  12|0x0000000083000000, 0x0000000083000000, 0x0000000083100000|  0%| F|  |TAMS 0x0000000083000000, 0x0000000083000000| Untracked 
|  13|0x0000000083100000, 0x0000000083100000, 0x0000000083200000|  0%| F|  |TAMS 0x0000000083100000, 0x0000000083100000| Untracked 
|  14|0x0000000083200000, 0x0000000083200000, 0x0000000083300000|  0%| F|  |TAMS 0x0000000083200000, 0x0000000083200000| Untracked 
|  15|0x0000000083300000, 0x0000000083300000, 0x0000000083400000|  0%| F|  |TAMS 0x0000000083300000, 0x0000000083300000| Untracked 
|  16|0x0000000083400000, 0x0000000083400000, 0x0000000083500000|  0%| F|  |TAMS 0x0000000083400000, 0x0000000083400000| Untracked 
|  17|0x0000000083500000, 0x0000000083500000, 0x0000000083600000|  0%| F|  |TAMS 0x0000000083500000, 0x0000000083500000| Untracked 
|  18|0x0000000083600000, 0x0000000083600000, 0x0000000083700000|  0%| F|  |TAMS 0x0000000083600000, 0x0000000083600000| Untracked 
|  19|0x0000000083700000, 0x0000000083700000, 0x0000000083800000|  0%| F|  |TAMS 0x0000000083700000, 0x0000000083700000| Untracked 
|  20|0x0000000083800000, 0x0000000083800000, 0x0000000083900000|  0%| F|  |TAMS 0x0000000083800000, 0x0000000083800000| Untracked 
|  21|0x0000000083900000, 0x0000000083900000, 0x0000000083a00000|  0%| F|  |TAMS 0x0000000083900000, 0x0000000083900000| Untracked 
|  22|0x0000000083a00000, 0x0000000083a00000, 0x0000000083b00000|  0%| F|  |TAMS 0x0000000083a00000, 0x0000000083a00000| Untracked 
|  23|0x0000000083b00000, 0x0000000083b00000, 0x0000000083c00000|  0%| F|  |TAMS 0x0000000083b00000, 0x0000000083b00000| Untracked 
|  24|0x0000000083c00000, 0x0000000083c00000, 0x0000000083d00000|  0%| F|  |TAMS 0x0000000083c00000, 0x0000000083c00000| Untracked 
|  25|0x0000000083d00000, 0x0000000083d00000, 0x0000000083e00000|  0%| F|  |TAMS 0x0000000083d00000, 0x0000000083d00000| Untracked 
|  26|0x0000000083e00000, 0x0000000083e00000, 0x0000000083f00000|  0%| F|  |TAMS 0x0000000083e00000, 0x0000000083e00000| Untracked 
|  27|0x0000000083f00000, 0x0000000083f00000, 0x0000000084000000|  0%| F|  |TAMS 0x0000000083f00000, 0x0000000083f00000| Untracked 
|  28|0x0000000084000000, 0x0000000084000000, 0x0000000084100000|  0%| F|  |TAMS 0x0000000084000000, 0x0000000084000000| Untracked 
|  29|0x0000000084100000, 0x0000000084100000, 0x0000000084200000|  0%| F|  |TAMS 0x0000000084100000, 0x0000000084100000| Untracked 
|  30|0x0000000084200000, 0x0000000084200000, 0x0000000084300000|  0%| F|  |TAMS 0x0000000084200000, 0x0000000084200000| Untracked 
|  31|0x0000000084300000, 0x0000000084300000, 0x0000000084400000|  0%| F|  |TAMS 0x0000000084300000, 0x0000000084300000| Untracked 
|  32|0x0000000084400000, 0x0000000084400000, 0x0000000084500000|  0%| F|  |TAMS 0x0000000084400000, 0x0000000084400000| Untracked 
|  33|0x0000000084500000, 0x0000000084500000, 0x0000000084600000|  0%| F|  |TAMS 0x0000000084500000, 0x0000000084500000| Untracked 
|  34|0x0000000084600000, 0x0000000084600000, 0x0000000084700000|  0%| F|  |TAMS 0x0000000084600000, 0x0000000084600000| Untracked 
|  35|0x0000000084700000, 0x0000000084700000, 0x0000000084800000|  0%| F|  |TAMS 0x0000000084700000, 0x0000000084700000| Untracked 
|  36|0x0000000084800000, 0x0000000084800000, 0x0000000084900000|  0%| F|  |TAMS 0x0000000084800000, 0x0000000084800000| Untracked 
|  37|0x0000000084900000, 0x0000000084900000, 0x0000000084a00000|  0%| F|  |TAMS 0x0000000084900000, 0x0000000084900000| Untracked 
|  38|0x0000000084a00000, 0x0000000084a00000, 0x0000000084b00000|  0%| F|  |TAMS 0x0000000084a00000, 0x0000000084a00000| Untracked 
|  39|0x0000000084b00000, 0x0000000084b00000, 0x0000000084c00000|  0%| F|  |TAMS 0x0000000084b00000, 0x0000000084b00000| Untracked 
|  40|0x0000000084c00000, 0x0000000084c00000, 0x0000000084d00000|  0%| F|  |TAMS 0x0000000084c00000, 0x0000000084c00000| Untracked 
|  41|0x0000000084d00000, 0x0000000084d00000, 0x0000000084e00000|  0%| F|  |TAMS 0x0000000084d00000, 0x0000000084d00000| Untracked 
|  42|0x0000000084e00000, 0x0000000084e00000, 0x0000000084f00000|  0%| F|  |TAMS 0x0000000084e00000, 0x0000000084e00000| Untracked 
|  43|0x0000000084f00000, 0x0000000084f00000, 0x0000000085000000|  0%| F|  |TAMS 0x0000000084f00000, 0x0000000084f00000| Untracked 
|  44|0x0000000085000000, 0x0000000085000000, 0x0000000085100000|  0%| F|  |TAMS 0x0000000085000000, 0x0000000085000000| Untracked 
|  45|0x0000000085100000, 0x0000000085100000, 0x0000000085200000|  0%| F|  |TAMS 0x0000000085100000, 0x0000000085100000| Untracked 
|  46|0x0000000085200000, 0x0000000085200000, 0x0000000085300000|  0%| F|  |TAMS 0x0000000085200000, 0x0000000085200000| Untracked 
|  47|0x0000000085300000, 0x0000000085300000, 0x0000000085400000|  0%| F|  |TAMS 0x0000000085300000, 0x0000000085300000| Untracked 
|  48|0x0000000085400000, 0x0000000085400000, 0x0000000085500000|  0%| F|  |TAMS 0x0000000085400000, 0x0000000085400000| Untracked 
|  49|0x0000000085500000, 0x0000000085500000, 0x0000000085600000|  0%| F|  |TAMS 0x0000000085500000, 0x0000000085500000| Untracked 
|  50|0x0000000085600000, 0x0000000085700000, 0x0000000085700000|100%| S|CS|TAMS 0x0000000085600000, 0x0000000085600000| Complete 
|  51|0x0000000085700000, 0x0000000085700000, 0x0000000085800000|  0%| F|  |TAMS 0x0000000085700000, 0x0000000085700000| Untracked 
|  52|0x0000000085800000, 0x0000000085800000, 0x0000000085900000|  0%| F|  |TAMS 0x0000000085800000, 0x0000000085800000| Untracked 
|  53|0x0000000085900000, 0x0000000085900000, 0x0000000085a00000|  0%| F|  |TAMS 0x0000000085900000, 0x0000000085900000| Untracked 
|  54|0x0000000085a00000, 0x0000000085a00000, 0x0000000085b00000|  0%| F|  |TAMS 0x0000000085a00000, 0x0000000085a00000| Untracked 
|  55|0x0000000085b00000, 0x0000000085b00000, 0x0000000085c00000|  0%| F|  |TAMS 0x0000000085b00000, 0x0000000085b00000| Untracked 
|  56|0x0000000085c00000, 0x0000000085c00000, 0x0000000085d00000|  0%| F|  |TAMS 0x0000000085c00000, 0x0000000085c00000| Untracked 
|  57|0x0000000085d00000, 0x0000000085d00000, 0x0000000085e00000|  0%| F|  |TAMS 0x0000000085d00000, 0x0000000085d00000| Untracked 
|  58|0x0000000085e00000, 0x0000000085e00000, 0x0000000085f00000|  0%| F|  |TAMS 0x0000000085e00000, 0x0000000085e00000| Untracked 
|  59|0x0000000085f00000, 0x0000000085f00000, 0x0000000086000000|  0%| F|  |TAMS 0x0000000085f00000, 0x0000000085f00000| Untracked 
|  60|0x0000000086000000, 0x0000000086000000, 0x0000000086100000|  0%| F|  |TAMS 0x0000000086000000, 0x0000000086000000| Untracked 
|  61|0x0000000086100000, 0x0000000086100000, 0x0000000086200000|  0%| F|  |TAMS 0x0000000086100000, 0x0000000086100000| Untracked 
|  62|0x0000000086200000, 0x0000000086200000, 0x0000000086300000|  0%| F|  |TAMS 0x0000000086200000, 0x0000000086200000| Untracked 
|  63|0x0000000086300000, 0x0000000086300000, 0x0000000086400000|  0%| F|  |TAMS 0x0000000086300000, 0x0000000086300000| Untracked 
|  64|0x0000000086400000, 0x0000000086400000, 0x0000000086500000|  0%| F|  |TAMS 0x0000000086400000, 0x0000000086400000| Untracked 
|  65|0x0000000086500000, 0x0000000086500000, 0x0000000086600000|  0%| F|  |TAMS 0x0000000086500000, 0x0000000086500000| Untracked 
|  66|0x0000000086600000, 0x0000000086600000, 0x0000000086700000|  0%| F|  |TAMS 0x0000000086600000, 0x0000000086600000| Untracked 
|  67|0x0000000086700000, 0x0000000086700000, 0x0000000086800000|  0%| F|  |TAMS 0x0000000086700000, 0x0000000086700000| Untracked 
|  68|0x0000000086800000, 0x0000000086800000, 0x0000000086900000|  0%| F|  |TAMS 0x0000000086800000, 0x0000000086800000| Untracked 
|  69|0x0000000086900000, 0x0000000086900000, 0x0000000086a00000|  0%| F|  |TAMS 0x0000000086900000, 0x0000000086900000| Untracked 
|  70|0x0000000086a00000, 0x0000000086a00000, 0x0000000086b00000|  0%| F|  |TAMS 0x0000000086a00000, 0x0000000086a00000| Untracked 
|  71|0x0000000086b00000, 0x0000000086b00000, 0x0000000086c00000|  0%| F|  |TAMS 0x0000000086b00000, 0x0000000086b00000| Untracked 
|  72|0x0000000086c00000, 0x0000000086c00000, 0x0000000086d00000|  0%| F|  |TAMS 0x0000000086c00000, 0x0000000086c00000| Untracked 
|  73|0x0000000086d00000, 0x0000000086d00000, 0x0000000086e00000|  0%| F|  |TAMS 0x0000000086d00000, 0x0000000086d00000| Untracked 
|  74|0x0000000086e00000, 0x0000000086e00000, 0x0000000086f00000|  0%| F|  |TAMS 0x0000000086e00000, 0x0000000086e00000| Untracked 
|  75|0x0000000086f00000, 0x0000000086f00000, 0x0000000087000000|  0%| F|  |TAMS 0x0000000086f00000, 0x0000000086f00000| Untracked 
|  76|0x0000000087000000, 0x0000000087000000, 0x0000000087100000|  0%| F|  |TAMS 0x0000000087000000, 0x0000000087000000| Untracked 
|  77|0x0000000087100000, 0x0000000087100000, 0x0000000087200000|  0%| F|  |TAMS 0x0000000087100000, 0x0000000087100000| Untracked 
|  78|0x0000000087200000, 0x0000000087200000, 0x0000000087300000|  0%| F|  |TAMS 0x0000000087200000, 0x0000000087200000| Untracked 
|  79|0x0000000087300000, 0x0000000087300000, 0x0000000087400000|  0%| F|  |TAMS 0x0000000087300000, 0x0000000087300000| Untracked 
|  80|0x0000000087400000, 0x0000000087400000, 0x0000000087500000|  0%| F|  |TAMS 0x0000000087400000, 0x0000000087400000| Untracked 
|  81|0x0000000087500000, 0x0000000087500000, 0x0000000087600000|  0%| F|  |TAMS 0x0000000087500000, 0x0000000087500000| Untracked 
|  82|0x0000000087600000, 0x0000000087600000, 0x0000000087700000|  0%| F|  |TAMS 0x0000000087600000, 0x0000000087600000| Untracked 
|  83|0x0000000087700000, 0x0000000087700000, 0x0000000087800000|  0%| F|  |TAMS 0x0000000087700000, 0x0000000087700000| Untracked 
|  84|0x0000000087800000, 0x0000000087800000, 0x0000000087900000|  0%| F|  |TAMS 0x0000000087800000, 0x0000000087800000| Untracked 
|  85|0x0000000087900000, 0x0000000087900000, 0x0000000087a00000|  0%| F|  |TAMS 0x0000000087900000, 0x0000000087900000| Untracked 
|  86|0x0000000087a00000, 0x0000000087a00000, 0x0000000087b00000|  0%| F|  |TAMS 0x0000000087a00000, 0x0000000087a00000| Untracked 
|  87|0x0000000087b00000, 0x0000000087b00000, 0x0000000087c00000|  0%| F|  |TAMS 0x0000000087b00000, 0x0000000087b00000| Untracked 
|  88|0x0000000087c00000, 0x0000000087c00000, 0x0000000087d00000|  0%| F|  |TAMS 0x0000000087c00000, 0x0000000087c00000| Untracked 
|  89|0x0000000087d00000, 0x0000000087d00000, 0x0000000087e00000|  0%| F|  |TAMS 0x0000000087d00000, 0x0000000087d00000| Untracked 
|  90|0x0000000087e00000, 0x0000000087e00000, 0x0000000087f00000|  0%| F|  |TAMS 0x0000000087e00000, 0x0000000087e00000| Untracked 
|  91|0x0000000087f00000, 0x0000000087f00000, 0x0000000088000000|  0%| F|  |TAMS 0x0000000087f00000, 0x0000000087f00000| Untracked 
|  92|0x0000000088000000, 0x0000000088000000, 0x0000000088100000|  0%| F|  |TAMS 0x0000000088000000, 0x0000000088000000| Untracked 
|  93|0x0000000088100000, 0x0000000088100000, 0x0000000088200000|  0%| F|  |TAMS 0x0000000088100000, 0x0000000088100000| Untracked 
|  94|0x0000000088200000, 0x0000000088200000, 0x0000000088300000|  0%| F|  |TAMS 0x0000000088200000, 0x0000000088200000| Untracked 
|  95|0x0000000088300000, 0x0000000088300000, 0x0000000088400000|  0%| F|  |TAMS 0x0000000088300000, 0x0000000088300000| Untracked 
|  96|0x0000000088400000, 0x0000000088400000, 0x0000000088500000|  0%| F|  |TAMS 0x0000000088400000, 0x0000000088400000| Untracked 
|  97|0x0000000088500000, 0x0000000088500000, 0x0000000088600000|  0%| F|  |TAMS 0x0000000088500000, 0x0000000088500000| Untracked 
|  98|0x0000000088600000, 0x0000000088600000, 0x0000000088700000|  0%| F|  |TAMS 0x0000000088600000, 0x0000000088600000| Untracked 
|  99|0x0000000088700000, 0x0000000088700000, 0x0000000088800000|  0%| F|  |TAMS 0x0000000088700000, 0x0000000088700000| Untracked 
| 100|0x0000000088800000, 0x0000000088800000, 0x0000000088900000|  0%| F|  |TAMS 0x0000000088800000, 0x0000000088800000| Untracked 
| 101|0x0000000088900000, 0x0000000088900000, 0x0000000088a00000|  0%| F|  |TAMS 0x0000000088900000, 0x0000000088900000| Untracked 
| 102|0x0000000088a00000, 0x0000000088a00000, 0x0000000088b00000|  0%| F|  |TAMS 0x0000000088a00000, 0x0000000088a00000| Untracked 
| 103|0x0000000088b00000, 0x0000000088b00000, 0x0000000088c00000|  0%| F|  |TAMS 0x0000000088b00000, 0x0000000088b00000| Untracked 
| 104|0x0000000088c00000, 0x0000000088c00000, 0x0000000088d00000|  0%| F|  |TAMS 0x0000000088c00000, 0x0000000088c00000| Untracked 
| 105|0x0000000088d00000, 0x0000000088d00000, 0x0000000088e00000|  0%| F|  |TAMS 0x0000000088d00000, 0x0000000088d00000| Untracked 
| 106|0x0000000088e00000, 0x0000000088e00000, 0x0000000088f00000|  0%| F|  |TAMS 0x0000000088e00000, 0x0000000088e00000| Untracked 
| 107|0x0000000088f00000, 0x0000000088f00000, 0x0000000089000000|  0%| F|  |TAMS 0x0000000088f00000, 0x0000000088f00000| Untracked 
| 108|0x0000000089000000, 0x0000000089000000, 0x0000000089100000|  0%| F|  |TAMS 0x0000000089000000, 0x0000000089000000| Untracked 
| 109|0x0000000089100000, 0x0000000089100000, 0x0000000089200000|  0%| F|  |TAMS 0x0000000089100000, 0x0000000089100000| Untracked 
| 110|0x0000000089200000, 0x0000000089200000, 0x0000000089300000|  0%| F|  |TAMS 0x0000000089200000, 0x0000000089200000| Untracked 
| 111|0x0000000089300000, 0x0000000089300000, 0x0000000089400000|  0%| F|  |TAMS 0x0000000089300000, 0x0000000089300000| Untracked 
| 112|0x0000000089400000, 0x0000000089400000, 0x0000000089500000|  0%| F|  |TAMS 0x0000000089400000, 0x0000000089400000| Untracked 
| 113|0x0000000089500000, 0x0000000089500000, 0x0000000089600000|  0%| F|  |TAMS 0x0000000089500000, 0x0000000089500000| Untracked 
| 114|0x0000000089600000, 0x0000000089600000, 0x0000000089700000|  0%| F|  |TAMS 0x0000000089600000, 0x0000000089600000| Untracked 
| 115|0x0000000089700000, 0x0000000089700000, 0x0000000089800000|  0%| F|  |TAMS 0x0000000089700000, 0x0000000089700000| Untracked 
| 116|0x0000000089800000, 0x0000000089800000, 0x0000000089900000|  0%| F|  |TAMS 0x0000000089800000, 0x0000000089800000| Untracked 
| 117|0x0000000089900000, 0x0000000089900000, 0x0000000089a00000|  0%| F|  |TAMS 0x0000000089900000, 0x0000000089900000| Untracked 
| 118|0x0000000089a00000, 0x0000000089a00000, 0x0000000089b00000|  0%| F|  |TAMS 0x0000000089a00000, 0x0000000089a00000| Untracked 
| 119|0x0000000089b00000, 0x0000000089b00000, 0x0000000089c00000|  0%| F|  |TAMS 0x0000000089b00000, 0x0000000089b00000| Untracked 
| 120|0x0000000089c00000, 0x0000000089c00000, 0x0000000089d00000|  0%| F|  |TAMS 0x0000000089c00000, 0x0000000089c00000| Untracked 
| 121|0x0000000089d00000, 0x0000000089d00000, 0x0000000089e00000|  0%| F|  |TAMS 0x0000000089d00000, 0x0000000089d00000| Untracked 
| 122|0x0000000089e00000, 0x0000000089e00000, 0x0000000089f00000|  0%| F|  |TAMS 0x0000000089e00000, 0x0000000089e00000| Untracked 
| 123|0x0000000089f00000, 0x0000000089f00000, 0x000000008a000000|  0%| F|  |TAMS 0x0000000089f00000, 0x0000000089f00000| Untracked 
| 124|0x000000008a000000, 0x000000008a000000, 0x000000008a100000|  0%| F|  |TAMS 0x000000008a000000, 0x000000008a000000| Untracked 
| 125|0x000000008a100000, 0x000000008a100000, 0x000000008a200000|  0%| F|  |TAMS 0x000000008a100000, 0x000000008a100000| Untracked 

Card table byte_map: [0x000000001a550000,0x000000001a940000] _byte_map_base: 0x000000001a13e000

Marking Bits (Prev, Next): (CMBitMap*) 0x000000000036eca0, (CMBitMap*) 0x000000000036ece0
 Prev Bits: [0x000000001ad30000, 0x000000001cca0000)
 Next Bits: [0x000000001cca0000, 0x000000001ec10000)

Polling page: 0x0000000000230000

Metaspace:

Usage:
  Non-class:     13.20 MB capacity,    12.39 MB ( 94%) used,   815.57 KB (  6%) free+waste,    20.81 KB ( <1%) overhead. 
      Class:      2.25 MB capacity,     2.12 MB ( 94%) used,   125.33 KB (  5%) free+waste,     9.25 KB ( <1%) overhead. 
       Both:     15.45 MB capacity,    14.50 MB ( 94%) used,   940.90 KB (  6%) free+waste,    30.06 KB ( <1%) overhead. 

Virtual space:
  Non-class space:       14.00 MB reserved,      13.25 MB ( 95%) committed 
      Class space:        1.00 GB reserved,       2.25 MB ( <1%) committed 
             Both:        1.01 GB reserved,      15.50 MB (  1%) committed 

Chunk freelists:
   Non-Class:  47.00 KB
       Class:  1.00 KB
        Both:  48.00 KB

MaxMetaspaceSize: 17179869184.00 GB
CompressedClassSpaceSize: 1.00 GB

CodeHeap 'non-profiled nmethods': size=120000Kb used=934Kb max_used=934Kb free=119065Kb
 bounds [0x0000000012b20000, 0x0000000012d90000, 0x000000001a050000]
CodeHeap 'profiled nmethods': size=120000Kb used=3651Kb max_used=3651Kb free=116349Kb
 bounds [0x000000000b5f0000, 0x000000000b990000, 0x0000000012b20000]
CodeHeap 'non-nmethods': size=5760Kb used=1449Kb max_used=1465Kb free=4310Kb
 bounds [0x000000000b050000, 0x000000000b2c0000, 0x000000000b5f0000]
 total_blobs=3025 nmethods=2246 adapters=691
 compilation: enabled
              stopped_count=0, restarted_count=0
 full_count=0

Compilation events (20 events):
Event: 15.570 Thread 0x00000000224ad660 2239       3       com.sun.javafx.scene.layout.RegionHelper::computeGeomBoundsImpl (12 bytes)
Event: 15.570 Thread 0x00000000224ad660 nmethod 2239 0x000000000b97d990 code [0x000000000b97db40, 0x000000000b97de48]
Event: 15.570 Thread 0x00000000224ad660 2240       3       com.sun.javafx.scene.layout.RegionHelper::superComputeGeomBounds (14 bytes)
Event: 15.571 Thread 0x00000000224ad660 nmethod 2240 0x000000000b97df90 code [0x000000000b97e180, 0x000000000b97e718]
Event: 15.571 Thread 0x00000000224ad660 2241       3       javafx.scene.Node::updateLocalBounds (67 bytes)
Event: 15.572 Thread 0x00000000224ad660 nmethod 2241 0x000000000b97e910 code [0x000000000b97eb60, 0x000000000b97f6a8]
Event: 15.572 Thread 0x00000000224ad660 2243       3       com.sun.javafx.sg.prism.NGGroup::needsBlending (15 bytes)
Event: 15.572 Thread 0x00000000224ad660 nmethod 2243 0x000000000b97f990 code [0x000000000b97fb20, 0x000000000b97fc98]
Event: 15.572 Thread 0x00000000224ad660 2244       3       com.sun.prism.d3d.D3DGraphics::create (55 bytes)
Event: 15.573 Thread 0x00000000224ad660 nmethod 2244 0x000000000b97fd10 code [0x000000000b97ff00, 0x000000000b9804f8]
Event: 15.573 Thread 0x00000000224ad660 2245       3       com.sun.javafx.geom.RectBounds::<init> (10 bytes)
Event: 15.573 Thread 0x00000000224ad660 nmethod 2245 0x000000000b980690 code [0x000000000b980840, 0x000000000b980ad8]
Event: 15.578 Thread 0x00000000224ac470 nmethod 2236 0x0000000012c07e90 code [0x0000000012c08040, 0x0000000012c08af8]
Event: 15.578 Thread 0x00000000224ac470 2242       4       com.sun.javafx.geom.RectBounds::isEmpty (30 bytes)
Event: 15.579 Thread 0x00000000224ac470 nmethod 2242 0x0000000012c08f90 code [0x0000000012c09100, 0x0000000012c091b8]
Event: 15.618 Thread 0x00000000224ac470 2246       4       java.lang.String::getBytes (44 bytes)
Event: 15.620 Thread 0x00000000224ac470 nmethod 2246 0x0000000012c09290 code [0x0000000012c09420, 0x0000000012c095d8]
Event: 15.653 Thread 0x00000000224ac470 2247       4       java.nio.Buffer::limit (65 bytes)
Event: 15.654 Thread 0x00000000224ac470 nmethod 2247 0x0000000012c09710 code [0x0000000012c09880, 0x0000000012c09958]
Event: 15.655 Thread 0x00000000224ac470 2248       4       java.lang.AbstractStringBuilder::append (45 bytes)

GC Heap History (20 events):
Event: 15.312 GC heap after
{Heap after GC invocations=8 (full 0):
 garbage-first heap   total 129024K, used 10265K [0x0000000082400000, 0x0000000100000000)
  region size 1024K, 5 young (5120K), 5 survivors (5120K)
 Metaspace       used 14803K, capacity 15760K, committed 15872K, reserved 1062912K
  class space    used 2168K, capacity 2303K, committed 2304K, reserved 1048576K
}
Event: 15.340 GC heap before
{Heap before GC invocations=8 (full 0):
 garbage-first heap   total 129024K, used 81945K [0x0000000082400000, 0x0000000100000000)
  region size 1024K, 75 young (76800K), 5 survivors (5120K)
 Metaspace       used 14825K, capacity 15824K, committed 15872K, reserved 1062912K
  class space    used 2168K, capacity 2303K, committed 2304K, reserved 1048576K
}
Event: 15.347 GC heap after
{Heap after GC invocations=9 (full 0):
 garbage-first heap   total 129024K, used 10200K [0x0000000082400000, 0x0000000100000000)
  region size 1024K, 5 young (5120K), 5 survivors (5120K)
 Metaspace       used 14825K, capacity 15824K, committed 15872K, reserved 1062912K
  class space    used 2168K, capacity 2303K, committed 2304K, reserved 1048576K
}
Event: 15.375 GC heap before
{Heap before GC invocations=9 (full 0):
 garbage-first heap   total 129024K, used 81880K [0x0000000082400000, 0x0000000100000000)
  region size 1024K, 75 young (76800K), 5 survivors (5120K)
 Metaspace       used 14829K, capacity 15824K, committed 15872K, reserved 1062912K
  class space    used 2168K, capacity 2303K, committed 2304K, reserved 1048576K
}
Event: 15.381 GC heap after
{Heap after GC invocations=10 (full 0):
 garbage-first heap   total 129024K, used 10393K [0x0000000082400000, 0x0000000100000000)
  region size 1024K, 5 young (5120K), 5 survivors (5120K)
 Metaspace       used 14829K, capacity 15824K, committed 15872K, reserved 1062912K
  class space    used 2168K, capacity 2303K, committed 2304K, reserved 1048576K
}
Event: 15.414 GC heap before
{Heap before GC invocations=10 (full 0):
 garbage-first heap   total 129024K, used 82073K [0x0000000082400000, 0x0000000100000000)
  region size 1024K, 75 young (76800K), 5 survivors (5120K)
 Metaspace       used 14829K, capacity 15824K, committed 15872K, reserved 1062912K
  class space    used 2168K, capacity 2303K, committed 2304K, reserved 1048576K
}
Event: 15.421 GC heap after
{Heap after GC invocations=11 (full 0):
 garbage-first heap   total 129024K, used 10381K [0x0000000082400000, 0x0000000100000000)
  region size 1024K, 5 young (5120K), 5 survivors (5120K)
 Metaspace       used 14829K, capacity 15824K, committed 15872K, reserved 1062912K
  class space    used 2168K, capacity 2303K, committed 2304K, reserved 1048576K
}
Event: 15.456 GC heap before
{Heap before GC invocations=11 (full 0):
 garbage-first heap   total 129024K, used 82061K [0x0000000082400000, 0x0000000100000000)
  region size 1024K, 75 young (76800K), 5 survivors (5120K)
 Metaspace       used 14840K, capacity 15824K, committed 15872K, reserved 1062912K
  class space    used 2168K, capacity 2303K, committed 2304K, reserved 1048576K
}
Event: 15.463 GC heap after
{Heap after GC invocations=12 (full 0):
 garbage-first heap   total 129024K, used 9970K [0x0000000082400000, 0x0000000100000000)
  region size 1024K, 5 young (5120K), 5 survivors (5120K)
 Metaspace       used 14840K, capacity 15824K, committed 15872K, reserved 1062912K
  class space    used 2168K, capacity 2303K, committed 2304K, reserved 1048576K
}
Event: 15.490 GC heap before
{Heap before GC invocations=12 (full 0):
 garbage-first heap   total 129024K, used 81650K [0x0000000082400000, 0x0000000100000000)
  region size 1024K, 75 young (76800K), 5 survivors (5120K)
 Metaspace       used 14840K, capacity 15824K, committed 15872K, reserved 1062912K
  class space    used 2168K, capacity 2303K, committed 2304K, reserved 1048576K
}
Event: 15.497 GC heap after
{Heap after GC invocations=13 (full 0):
 garbage-first heap   total 129024K, used 10009K [0x0000000082400000, 0x0000000100000000)
  region size 1024K, 5 young (5120K), 5 survivors (5120K)
 Metaspace       used 14840K, capacity 15824K, committed 15872K, reserved 1062912K
  class space    used 2168K, capacity 2303K, committed 2304K, reserved 1048576K
}
Event: 15.522 GC heap before
{Heap before GC invocations=13 (full 0):
 garbage-first heap   total 129024K, used 81689K [0x0000000082400000, 0x0000000100000000)
  region size 1024K, 75 young (76800K), 5 survivors (5120K)
 Metaspace       used 14840K, capacity 15824K, committed 15872K, reserved 1062912K
  class space    used 2168K, capacity 2303K, committed 2304K, reserved 1048576K
}
Event: 15.529 GC heap after
{Heap after GC invocations=14 (full 0):
 garbage-first heap   total 129024K, used 10059K [0x0000000082400000, 0x0000000100000000)
  region size 1024K, 5 young (5120K), 5 survivors (5120K)
 Metaspace       used 14840K, capacity 15824K, committed 15872K, reserved 1062912K
  class space    used 2168K, capacity 2303K, committed 2304K, reserved 1048576K
}
Event: 15.556 GC heap before
{Heap before GC invocations=14 (full 0):
 garbage-first heap   total 129024K, used 81739K [0x0000000082400000, 0x0000000100000000)
  region size 1024K, 75 young (76800K), 5 survivors (5120K)
 Metaspace       used 14840K, capacity 15824K, committed 15872K, reserved 1062912K
  class space    used 2168K, capacity 2303K, committed 2304K, reserved 1048576K
}
Event: 15.563 GC heap after
{Heap after GC invocations=15 (full 0):
 garbage-first heap   total 129024K, used 10008K [0x0000000082400000, 0x0000000100000000)
  region size 1024K, 5 young (5120K), 5 survivors (5120K)
 Metaspace       used 14840K, capacity 15824K, committed 15872K, reserved 1062912K
  class space    used 2168K, capacity 2303K, committed 2304K, reserved 1048576K
}
Event: 15.592 GC heap before
{Heap before GC invocations=15 (full 0):
 garbage-first heap   total 129024K, used 81688K [0x0000000082400000, 0x0000000100000000)
  region size 1024K, 75 young (76800K), 5 survivors (5120K)
 Metaspace       used 14853K, capacity 15824K, committed 15872K, reserved 1062912K
  class space    used 2168K, capacity 2303K, committed 2304K, reserved 1048576K
}
Event: 15.598 GC heap after
{Heap after GC invocations=16 (full 0):
 garbage-first heap   total 129024K, used 10261K [0x0000000082400000, 0x0000000100000000)
  region size 1024K, 5 young (5120K), 5 survivors (5120K)
 Metaspace       used 14853K, capacity 15824K, committed 15872K, reserved 1062912K
  class space    used 2168K, capacity 2303K, committed 2304K, reserved 1048576K
}
Event: 15.626 GC heap before
{Heap before GC invocations=16 (full 0):
 garbage-first heap   total 129024K, used 81941K [0x0000000082400000, 0x0000000100000000)
  region size 1024K, 75 young (76800K), 5 survivors (5120K)
 Metaspace       used 14853K, capacity 15824K, committed 15872K, reserved 1062912K
  class space    used 2168K, capacity 2303K, committed 2304K, reserved 1048576K
}
Event: 15.633 GC heap after
{Heap after GC invocations=17 (full 0):
 garbage-first heap   total 129024K, used 10005K [0x0000000082400000, 0x0000000100000000)
  region size 1024K, 3 young (3072K), 3 survivors (3072K)
 Metaspace       used 14853K, capacity 15824K, committed 15872K, reserved 1062912K
  class space    used 2168K, capacity 2303K, committed 2304K, reserved 1048576K
}
Event: 15.661 GC heap before
{Heap before GC invocations=17 (full 0):
 garbage-first heap   total 129024K, used 83733K [0x0000000082400000, 0x0000000100000000)
  region size 1024K, 75 young (76800K), 3 survivors (3072K)
 Metaspace       used 14853K, capacity 15824K, committed 15872K, reserved 1062912K
  class space    used 2168K, capacity 2303K, committed 2304K, reserved 1048576K
}

Deoptimization events (20 events):
Event: 13.317 Thread 0x00000000245a7f90 Uncommon trap: trap_request=0xffffff45 fr.pc=0x0000000012b2f144 relative=0x0000000000000044
Event: 13.317 Thread 0x00000000245a7f90 Uncommon trap: reason=unstable_if action=reinterpret pc=0x0000000012b2f144 method=java.lang.CharacterData.of(I)Ljava/lang/CharacterData; @ 4 c2
Event: 13.317 Thread 0x00000000245a7f90 DEOPT PACKING pc=0x0000000012b2f144 sp=0x0000000025c7bd70
Event: 13.317 Thread 0x00000000245a7f90 DEOPT UNPACKING pc=0x000000000b09e42f sp=0x0000000025c7bd10 mode 2
Event: 13.331 Thread 0x000000002512b360 Uncommon trap: trap_request=0xffffff45 fr.pc=0x0000000012b5ff18 relative=0x0000000000000178
Event: 13.331 Thread 0x000000002512b360 Uncommon trap: reason=unstable_if action=reinterpret pc=0x0000000012b5ff18 method=java.lang.String.indexOf(II)I @ 4 c2
Event: 13.331 Thread 0x000000002512b360 DEOPT PACKING pc=0x0000000012b5ff18 sp=0x000000002ac0ecf0
Event: 13.331 Thread 0x000000002512b360 DEOPT UNPACKING pc=0x000000000b09e42f sp=0x000000002ac0ec20 mode 2
Event: 13.331 Thread 0x000000002512b360 Uncommon trap: trap_request=0xffffff45 fr.pc=0x0000000012b82e00 relative=0x0000000000000460
Event: 13.331 Thread 0x000000002512b360 Uncommon trap: reason=unstable_if action=reinterpret pc=0x0000000012b82e00 method=java.lang.String.substring(II)Ljava/lang/String; @ 31 c2
Event: 13.331 Thread 0x000000002512b360 DEOPT PACKING pc=0x0000000012b82e00 sp=0x000000002ac0ec50
Event: 13.331 Thread 0x000000002512b360 DEOPT UNPACKING pc=0x000000000b09e42f sp=0x000000002ac0ec08 mode 2
Event: 13.332 Thread 0x000000002512b360 Uncommon trap: trap_request=0xffffff45 fr.pc=0x0000000012b6e660 relative=0x00000000000000c0
Event: 13.332 Thread 0x000000002512b360 Uncommon trap: reason=unstable_if action=reinterpret pc=0x0000000012b6e660 method=java.lang.String.getBytes([BIB)V @ 5 c2
Event: 13.332 Thread 0x000000002512b360 DEOPT PACKING pc=0x0000000012b6e660 sp=0x000000002ac0e8e0
Event: 13.332 Thread 0x000000002512b360 DEOPT UNPACKING pc=0x000000000b09e42f sp=0x000000002ac0e888 mode 2
Event: 13.938 Thread 0x00000000245a7f90 Uncommon trap: trap_request=0xffffff45 fr.pc=0x0000000012bbcc48 relative=0x00000000000002a8
Event: 13.938 Thread 0x00000000245a7f90 Uncommon trap: reason=unstable_if action=reinterpret pc=0x0000000012bbcc48 method=java.util.WeakHashMap.expungeStaleEntries()V @ 9 c2
Event: 13.938 Thread 0x00000000245a7f90 DEOPT PACKING pc=0x0000000012bbcc48 sp=0x0000000025c7daa0
Event: 13.938 Thread 0x00000000245a7f90 DEOPT UNPACKING pc=0x000000000b09e42f sp=0x0000000025c7da38 mode 2

Classes unloaded (0 events):
No events

Classes redefined (0 events):
No events

Internal exceptions (20 events):
Event: 2.694 Thread 0x00000000245a7f90 Exception <a 'java/lang/NoSuchMethodError'{0x0000000089a07368}: 'java.lang.Object java.lang.invoke.DirectMethodHandle$Holder.invokeStaticInit(java.lang.Object, java.lang.Object, java.lang.Object, java.lang.Object)'> (0x0000000089a07368) 
thrown [./open/src/hotspot/share/interpreter/linkResolver.cpp, line 782]
Event: 2.696 Thread 0x00000000245a7f90 Exception <a 'java/lang/NullPointerException'{0x0000000089a13550}> (0x0000000089a13550) 
thrown [./open/src/hotspot/share/interpreter/linkResolver.cpp, line 1374]
Event: 2.723 Thread 0x00000000245a7f90 Exception <a 'java/lang/NoSuchMethodError'{0x000000008992a8f0}: 'void java.lang.invoke.DirectMethodHandle$Holder.invokeSpecial(java.lang.Object, java.lang.Object, java.lang.Object, java.lang.Object, java.lang.Object)'> (0x000000008992a8f0) 
thrown [./open/src/hotspot/share/interpreter/linkResolver.cpp, line 782]
Event: 2.848 Thread 0x00000000245a7f90 Exception <a 'java/lang/NoSuchMethodError'{0x00000000895d9b10}: 'void java.lang.invoke.DirectMethodHandle$Holder.invokeStaticInit(java.lang.Object, java.lang.Object)'> (0x00000000895d9b10) 
thrown [./open/src/hotspot/share/interpreter/linkResolver.cpp, line 782]
Event: 3.024 Thread 0x00000000245a7f90 Implicit null exception at 0x0000000012b7c28a to 0x0000000012b7c664
Event: 3.025 Thread 0x00000000245a7f90 Implicit null exception at 0x0000000012b43c2f to 0x0000000012b43ca9
Event: 3.215 Thread 0x00000000245a7f90 Exception <a 'java/lang/NoSuchMethodError'{0x00000000897284d0}: 'java.lang.Object java.lang.invoke.DirectMethodHandle$Holder.invokeInterface(java.lang.Object, java.lang.Object, java.lang.Object)'> (0x00000000897284d0) 
thrown [./open/src/hotspot/share/interpreter/linkResolver.cpp, line 782]
Event: 3.216 Thread 0x00000000245a7f90 Exception <a 'java/lang/IncompatibleClassChangeError'{0x000000008972c050}: Found class java.lang.Object, but interface was expected> (0x000000008972c050) 
thrown [./open/src/hotspot/share/interpreter/linkResolver.cpp, line 848]
Event: 3.299 Thread 0x00000000245a7f90 Exception <a 'java/lang/NoSuchMethodError'{0x000000008966fda8}: 'int java.lang.invoke.DirectMethodHandle$Holder.invokeStaticInit(java.lang.Object, java.lang.Object)'> (0x000000008966fda8) 
thrown [./open/src/hotspot/share/interpreter/linkResolver.cpp, line 782]
Event: 3.369 Thread 0x00000000245a7f90 Exception <a 'java/lang/NoSuchMethodError'{0x0000000089338c60}: 'void java.lang.invoke.DirectMethodHandle$Holder.invokeSpecial(java.lang.Object, java.lang.Object, java.lang.Object, java.lang.Object, java.lang.Object, java.lang.Object)'> (0x0000000089338c60) 
thrown [./open/src/hotspot/share/interpreter/linkResolver.cpp, line 782]
Event: 3.516 Thread 0x00000000245a7f90 Exception <a 'java/lang/NoSuchMethodError'{0x0000000088e32aa8}: 'java.lang.Object java.lang.invoke.DirectMethodHandle$Holder.newInvokeSpecial(java.lang.Object, java.lang.Object, int)'> (0x0000000088e32aa8) 
thrown [./open/src/hotspot/share/interpreter/linkResolver.cpp, line 782]
Event: 3.698 Thread 0x000000002458e4e0 Exception <a 'java/lang/NoSuchMethodError'{0x0000000088a78fd8}: 'java.lang.Object java.lang.invoke.DirectMethodHandle$Holder.invokeStaticInit(java.lang.Object, int)'> (0x0000000088a78fd8) 
thrown [./open/src/hotspot/share/interpreter/linkResolver.cpp, line 782]
Event: 4.536 Thread 0x00000000245a7f90 Exception <a 'java/lang/NoSuchMethodError'{0x00000000888db958}: 'long java.lang.invoke.DirectMethodHandle$Holder.invokeStatic(java.lang.Object, java.lang.Object, java.lang.Object)'> (0x00000000888db958) 
thrown [./open/src/hotspot/share/interpreter/linkResolver.cpp, line 782]
Event: 4.536 Thread 0x00000000245a7f90 Exception <a 'java/lang/NoSuchMethodError'{0x00000000888df308}: 'long java.lang.invoke.DirectMethodHandle$Holder.invokeStaticInit(java.lang.Object, java.lang.Object, java.lang.Object)'> (0x00000000888df308) 
thrown [./open/src/hotspot/share/interpreter/linkResolver.cpp, line 782]
Event: 4.542 Thread 0x00000000245a7f90 Exception <a 'java/lang/NoSuchMethodError'{0x00000000888f7368}: 'java.lang.Object java.lang.invoke.DirectMethodHandle$Holder.newInvokeSpecial(java.lang.Object, java.lang.Object, long)'> (0x00000000888f7368) 
thrown [./open/src/hotspot/share/interpreter/linkResolver.cpp, line 782]
Event: 4.542 Thread 0x00000000245a7f90 Exception <a 'java/lang/NoSuchMethodError'{0x00000000888fb0d8}: 'java.lang.Object java.lang.invoke.Invokers$Holder.linkToTargetMethod(java.lang.Object, long, java.lang.Object)'> (0x00000000888fb0d8) 
thrown [./open/src/hotspot/share/interpreter/linkResolver.cpp, line 782]
Event: 5.003 Thread 0x00000000245a7f90 Exception <a 'java/lang/NoSuchMethodError'{0x000000008a139090}: 'java.lang.Object java.lang.invoke.DirectMethodHandle$Holder.newInvokeSpecial(java.lang.Object, java.lang.Object, int, int, int, int, int, java.lang.Object)'> (0x000000008a139090) 
thrown [./open/src/hotspot/share/interpreter/linkResolver.cpp, line 782]
Event: 5.009 Thread 0x00000000245a7f90 Exception <a 'java/lang/NoSuchMethodError'{0x000000008a14cc00}: 'java.lang.Object java.lang.invoke.DirectMethodHandle$Holder.newInvokeSpecial(java.lang.Object, java.lang.Object, java.lang.Object, int, int, int, int, int)'> (0x000000008a14cc00) 
thrown [./open/src/hotspot/share/interpreter/linkResolver.cpp, line 782]
Event: 5.010 Thread 0x00000000245a7f90 Exception <a 'java/lang/NoSuchMethodError'{0x000000008a154760}: 'java.lang.Object java.lang.invoke.Invokers$Holder.linkToTargetMethod(java.lang.Object, java.lang.Object, int, int, int, int, int, java.lang.Object)'> (0x000000008a154760) 
thrown [./open/src/hotspot/share/interpreter/linkResolver.cpp, line 782]
Event: 13.278 Thread 0x00000000245a7f90 Implicit null exception at 0x0000000012b6fbf4 to 0x0000000012b70168

Events (20 events):
Event: 15.660 Thread 0x000000002512c1d0 Thread added: 0x000000002512c1d0
Event: 15.660 Thread 0x000000002512c1d0 Thread exited: 0x000000002512c1d0
Event: 15.660 Thread 0x000000002512c1d0 Thread added: 0x000000002512c1d0
Event: 15.660 Thread 0x000000002512c1d0 Thread exited: 0x000000002512c1d0
Event: 15.660 Thread 0x000000002512c1d0 Thread added: 0x000000002512c1d0
Event: 15.660 Thread 0x000000002512c1d0 Thread exited: 0x000000002512c1d0
Event: 15.660 Thread 0x000000002512c1d0 Thread added: 0x000000002512c1d0
Event: 15.660 Thread 0x000000002512c1d0 Thread exited: 0x000000002512c1d0
Event: 15.660 Thread 0x000000002512c1d0 Thread added: 0x000000002512c1d0
Event: 15.660 Thread 0x000000002512c1d0 Thread exited: 0x000000002512c1d0
Event: 15.660 Thread 0x000000002512c1d0 Thread added: 0x000000002512c1d0
Event: 15.660 Thread 0x000000002512c1d0 Thread exited: 0x000000002512c1d0
Event: 15.660 Thread 0x000000002512c1d0 Thread added: 0x000000002512c1d0
Event: 15.660 Thread 0x000000002512c1d0 Thread exited: 0x000000002512c1d0
Event: 15.660 Thread 0x000000002512c1d0 Thread added: 0x000000002512c1d0
Event: 15.660 Thread 0x000000002512c1d0 Thread exited: 0x000000002512c1d0
Event: 15.661 Thread 0x000000002512c1d0 Thread added: 0x000000002512c1d0
Event: 15.661 Thread 0x000000002512c1d0 Thread exited: 0x000000002512c1d0
Event: 15.661 Thread 0x000000002512c1d0 Thread added: 0x000000002512c1d0
Event: 15.661 Executing VM operation: G1CollectForAllocation


Dynamic libraries:
0x000000013f0e0000 - 0x000000013f0ed000 	C:\Java\bin\java.exe
0x0000000077710000 - 0x00000000778af000 	C:\Windows\SYSTEM32\ntdll.dll
0x00000000775f0000 - 0x000000007770f000 	C:\Windows\system32\kernel32.dll
0x000007fefd2b0000 - 0x000007fefd317000 	C:\Windows\system32\KERNELBASE.dll
0x000007feec2b0000 - 0x000007feec2c8000 	C:\Java\bin\jli.dll
0x000007fefbb00000 - 0x000007fefbcf5000 	C:\Windows\WinSxS\amd64_microsoft.windows.common-controls_6595b64144ccf1df_6.0.7601.24483_none_e372d88f30fbb845\COMCTL32.dll
0x000007fefdfe0000 - 0x000007fefe07f000 	C:\Windows\system32\msvcrt.dll
0x000007fefdf70000 - 0x000007fefdfd7000 	C:\Windows\system32\GDI32.dll
0x00000000774f0000 - 0x00000000775ea000 	C:\Windows\system32\USER32.dll
0x000007fefe560000 - 0x000007fefe56e000 	C:\Windows\system32\LPK.dll
0x000007fefe860000 - 0x000007fefe92b000 	C:\Windows\system32\USP10.dll
0x000007fefe9d0000 - 0x000007fefea41000 	C:\Windows\system32\SHLWAPI.dll
0x000007feec2d0000 - 0x000007feec2e9000 	C:\Java\bin\VCRUNTIME140.dll
0x000007feec290000 - 0x000007feec294000 	C:\Java\bin\api-ms-win-crt-runtime-l1-1-0.dll
0x000007feec190000 - 0x000007feec28a000 	C:\Java\bin\ucrtbase.DLL
0x000007feec2a0000 - 0x000007feec2a3000 	C:\Java\bin\api-ms-win-core-localization-l1-2-0.dll
0x000007feec170000 - 0x000007feec173000 	C:\Java\bin\api-ms-win-core-processthreads-l1-1-1.dll
0x000007feec180000 - 0x000007feec183000 	C:\Java\bin\api-ms-win-core-file-l1-2-0.dll
0x000007feec150000 - 0x000007feec153000 	C:\Java\bin\api-ms-win-core-timezone-l1-1-0.dll
0x000007feec160000 - 0x000007feec163000 	C:\Java\bin\api-ms-win-core-file-l2-1-0.dll
0x000007feec130000 - 0x000007feec133000 	C:\Java\bin\api-ms-win-core-synch-l1-2-0.dll
0x000007feec140000 - 0x000007feec143000 	C:\Java\bin\api-ms-win-crt-heap-l1-1-0.dll
0x000007feec110000 - 0x000007feec114000 	C:\Java\bin\api-ms-win-crt-string-l1-1-0.dll
0x000007feec120000 - 0x000007feec124000 	C:\Java\bin\api-ms-win-crt-stdio-l1-1-0.dll
0x000007feec0f0000 - 0x000007feec0f4000 	C:\Java\bin\api-ms-win-crt-convert-l1-1-0.dll
0x000007feec100000 - 0x000007feec103000 	C:\Java\bin\api-ms-win-crt-environment-l1-1-0.dll
0x000007feec0d0000 - 0x000007feec0d3000 	C:\Java\bin\api-ms-win-crt-filesystem-l1-1-0.dll
0x000007feec0e0000 - 0x000007feec0e5000 	C:\Java\bin\api-ms-win-crt-math-l1-1-0.dll
0x000007feec0b0000 - 0x000007feec0b3000 	C:\Java\bin\api-ms-win-crt-locale-l1-1-0.dll
0x000007fefe080000 - 0x000007fefe0ae000 	C:\Windows\system32\IMM32.DLL
0x000007fefddb0000 - 0x000007fefdebb000 	C:\Windows\system32\MSCTF.dll
0x000007fefd1a0000 - 0x000007fefd1d0000 	C:\Windows\system32\nvinitx.dll
0x000007fefd190000 - 0x000007fefd19c000 	C:\Windows\system32\VERSION.dll
0x000007fefd6c0000 - 0x000007fefd79b000 	C:\Windows\system32\ADVAPI32.dll
0x000007fefea50000 - 0x000007fefea6f000 	C:\Windows\SYSTEM32\sechost.dll
0x000007fefe430000 - 0x000007fefe55c000 	C:\Windows\system32\RPCRT4.dll
0x000000006feb0000 - 0x000000006feb6000 	C:\Program Files\NVIDIA Corporation\CoProcManager\detoured.dll
0x000007fef77a0000 - 0x000007fef77d8000 	C:\Program Files\NVIDIA Corporation\CoProcManager\nvd3d9wrapx.dll
0x000007fefe240000 - 0x000007fefe417000 	C:\Windows\system32\SETUPAPI.dll
0x000007fefd4d0000 - 0x000007fefd506000 	C:\Windows\system32\CFGMGR32.dll
0x000007fefd820000 - 0x000007fefd8fb000 	C:\Windows\system32\OLEAUT32.dll
0x000007fefea70000 - 0x000007fefec6f000 	C:\Windows\system32\ole32.dll
0x000007fefd280000 - 0x000007fefd29a000 	C:\Windows\system32\DEVOBJ.dll
0x000007fef6650000 - 0x000007fef6674000 	C:\Program Files\NVIDIA Corporation\CoProcManager\nvdxgiwrapx.dll
0x000007feec0c0000 - 0x000007feec0cc000 	C:\Java\bin\vcruntime140_1.dll
0x000007feebf70000 - 0x000007feec001000 	C:\Java\bin\msvcp140.dll
0x000007feec0a0000 - 0x000007feec0a3000 	C:\Java\bin\api-ms-win-crt-time-l1-1-0.dll
0x000007feec090000 - 0x000007feec093000 	C:\Java\bin\api-ms-win-crt-utility-l1-1-0.dll
0x000007feeb410000 - 0x000007feebf6e000 	C:\Java\bin\server\jvm.dll
0x000007fef86b0000 - 0x000007fef86b9000 	C:\Windows\system32\WSOCK32.dll
0x000007fefdec0000 - 0x000007fefdf0d000 	C:\Windows\system32\WS2_32.dll
0x000007fefe420000 - 0x000007fefe428000 	C:\Windows\system32\NSI.dll
0x000007fefa6e0000 - 0x000007fefa71b000 	C:\Windows\system32\WINMM.dll
0x00000000778c0000 - 0x00000000778c7000 	C:\Windows\system32\PSAPI.DLL
0x000007feec080000 - 0x000007feec08a000 	C:\Java\bin\jimage.dll
0x000007fef7bd0000 - 0x000007fef7cf5000 	C:\Windows\system32\DBGHELP.DLL
0x000007fefbad0000 - 0x000007fefbade000 	C:\Java\bin\instrument.dll
0x000007feec050000 - 0x000007feec075000 	C:\Java\bin\java.dll
0x000007fefec70000 - 0x000007feff9fb000 	C:\Windows\system32\SHELL32.dll
0x000007fefd260000 - 0x000007fefd26f000 	C:\Windows\system32\profapi.dll
0x000007feec030000 - 0x000007feec049000 	C:\Java\bin\net.dll
0x000007fefae80000 - 0x000007fefaef1000 	C:\Windows\system32\WINHTTP.dll
0x000007fefae10000 - 0x000007fefae75000 	C:\Windows\system32\webio.dll
0x000007fefc960000 - 0x000007fefc9b5000 	C:\Windows\system32\mswsock.dll
0x000007fefc950000 - 0x000007fefc957000 	C:\Windows\System32\wship6.dll
0x000007feec010000 - 0x000007feec022000 	C:\Java\bin\nio.dll
0x000007feeb390000 - 0x000007feeb3a8000 	C:\Java\bin\zip.dll
0x000007fefa290000 - 0x000007fefa2aa000 	C:\Program Files\JetBrains\IntelliJ IDEA 2020.3\bin\breakgen64.dll
0x000007fefa280000 - 0x000007fefa283000 	C:\Java\javafx\javafx-sdk-15.0.1\bin\api-ms-win-core-console-l1-1-0.dll
0x000007fefa270000 - 0x000007fefa273000 	C:\Java\javafx\javafx-sdk-15.0.1\bin\api-ms-win-core-console-l1-2-0.dll
0x000007fefa260000 - 0x000007fefa263000 	C:\Java\javafx\javafx-sdk-15.0.1\bin\api-ms-win-core-datetime-l1-1-0.dll
0x000007fefa250000 - 0x000007fefa253000 	C:\Java\javafx\javafx-sdk-15.0.1\bin\api-ms-win-core-debug-l1-1-0.dll
0x000007fefa120000 - 0x000007fefa123000 	C:\Java\javafx\javafx-sdk-15.0.1\bin\api-ms-win-core-errorhandling-l1-1-0.dll
0x000007fef9970000 - 0x000007fef9974000 	C:\Java\javafx\javafx-sdk-15.0.1\bin\api-ms-win-core-file-l1-1-0.dll
0x000007fef9960000 - 0x000007fef9963000 	C:\Java\javafx\javafx-sdk-15.0.1\bin\api-ms-win-core-file-l1-2-0.dll
0x000007fef9950000 - 0x000007fef9953000 	C:\Java\javafx\javafx-sdk-15.0.1\bin\api-ms-win-core-file-l2-1-0.dll
0x000007fef9900000 - 0x000007fef9903000 	C:\Java\javafx\javafx-sdk-15.0.1\bin\api-ms-win-core-handle-l1-1-0.dll
0x000007fef98f0000 - 0x000007fef98f3000 	C:\Java\javafx\javafx-sdk-15.0.1\bin\api-ms-win-core-heap-l1-1-0.dll
0x000007fef98e0000 - 0x000007fef98e3000 	C:\Java\javafx\javafx-sdk-15.0.1\bin\api-ms-win-core-interlocked-l1-1-0.dll
0x000007fef98d0000 - 0x000007fef98d3000 	C:\Java\javafx\javafx-sdk-15.0.1\bin\api-ms-win-core-libraryloader-l1-1-0.dll
0x000007fef98c0000 - 0x000007fef98c3000 	C:\Java\javafx\javafx-sdk-15.0.1\bin\api-ms-win-core-localization-l1-2-0.dll
0x000007fef98b0000 - 0x000007fef98b3000 	C:\Java\javafx\javafx-sdk-15.0.1\bin\api-ms-win-core-memory-l1-1-0.dll
0x000007fef98a0000 - 0x000007fef98a3000 	C:\Java\javafx\javafx-sdk-15.0.1\bin\api-ms-win-core-namedpipe-l1-1-0.dll
0x000007fef9800000 - 0x000007fef9803000 	C:\Java\javafx\javafx-sdk-15.0.1\bin\api-ms-win-core-processenvironment-l1-1-0.dll
0x000007fef97f0000 - 0x000007fef97f3000 	C:\Java\javafx\javafx-sdk-15.0.1\bin\api-ms-win-core-processthreads-l1-1-0.dll
0x000007fef97e0000 - 0x000007fef97e3000 	C:\Java\javafx\javafx-sdk-15.0.1\bin\api-ms-win-core-processthreads-l1-1-1.dll
0x000007fef5820000 - 0x000007fef5823000 	C:\Java\javafx\javafx-sdk-15.0.1\bin\api-ms-win-core-profile-l1-1-0.dll
0x000007fef4520000 - 0x000007fef4523000 	C:\Java\javafx\javafx-sdk-15.0.1\bin\api-ms-win-core-rtlsupport-l1-1-0.dll
0x000007fef4510000 - 0x000007fef4513000 	C:\Java\javafx\javafx-sdk-15.0.1\bin\api-ms-win-core-string-l1-1-0.dll
0x000007fef4500000 - 0x000007fef4503000 	C:\Java\javafx\javafx-sdk-15.0.1\bin\api-ms-win-core-synch-l1-1-0.dll
0x000007fef3ff0000 - 0x000007fef3ff3000 	C:\Java\javafx\javafx-sdk-15.0.1\bin\api-ms-win-core-synch-l1-2-0.dll
0x000007fef1260000 - 0x000007fef1263000 	C:\Java\javafx\javafx-sdk-15.0.1\bin\api-ms-win-core-sysinfo-l1-1-0.dll
0x000007fef1250000 - 0x000007fef1253000 	C:\Java\javafx\javafx-sdk-15.0.1\bin\api-ms-win-core-timezone-l1-1-0.dll
0x000007fef1240000 - 0x000007fef1243000 	C:\Java\javafx\javafx-sdk-15.0.1\bin\api-ms-win-core-util-l1-1-0.dll
0x000007fef1230000 - 0x000007fef1233000 	C:\Java\javafx\javafx-sdk-15.0.1\bin\api-ms-win-crt-conio-l1-1-0.dll
0x000007fef1200000 - 0x000007fef1204000 	C:\Java\javafx\javafx-sdk-15.0.1\bin\api-ms-win-crt-convert-l1-1-0.dll
0x000007fef11f0000 - 0x000007fef11f3000 	C:\Java\javafx\javafx-sdk-15.0.1\bin\api-ms-win-crt-environment-l1-1-0.dll
0x000007fef11e0000 - 0x000007fef11e3000 	C:\Java\javafx\javafx-sdk-15.0.1\bin\api-ms-win-crt-filesystem-l1-1-0.dll
0x000007feef990000 - 0x000007feef993000 	C:\Java\javafx\javafx-sdk-15.0.1\bin\api-ms-win-crt-heap-l1-1-0.dll
0x000007feef980000 - 0x000007feef983000 	C:\Java\javafx\javafx-sdk-15.0.1\bin\api-ms-win-crt-locale-l1-1-0.dll
0x000007feef970000 - 0x000007feef975000 	C:\Java\javafx\javafx-sdk-15.0.1\bin\api-ms-win-crt-math-l1-1-0.dll
0x000007feef6b0000 - 0x000007feef6b5000 	C:\Java\javafx\javafx-sdk-15.0.1\bin\api-ms-win-crt-multibyte-l1-1-0.dll
0x000007feef6a0000 - 0x000007feef6b0000 	C:\Java\javafx\javafx-sdk-15.0.1\bin\api-ms-win-crt-private-l1-1-0.dll
0x000007feee3d0000 - 0x000007feee3d3000 	C:\Java\javafx\javafx-sdk-15.0.1\bin\api-ms-win-crt-process-l1-1-0.dll
0x000007feee3c0000 - 0x000007feee3c4000 	C:\Java\javafx\javafx-sdk-15.0.1\bin\api-ms-win-crt-runtime-l1-1-0.dll
0x000007feee3b0000 - 0x000007feee3b4000 	C:\Java\javafx\javafx-sdk-15.0.1\bin\api-ms-win-crt-stdio-l1-1-0.dll
0x000007feee3a0000 - 0x000007feee3a4000 	C:\Java\javafx\javafx-sdk-15.0.1\bin\api-ms-win-crt-string-l1-1-0.dll
0x000007feee390000 - 0x000007feee393000 	C:\Java\javafx\javafx-sdk-15.0.1\bin\api-ms-win-crt-time-l1-1-0.dll
0x000007feee380000 - 0x000007feee383000 	C:\Java\javafx\javafx-sdk-15.0.1\bin\api-ms-win-crt-utility-l1-1-0.dll
0x000007fed3a30000 - 0x000007fed3b2c000 	C:\Java\javafx\javafx-sdk-15.0.1\bin\ucrtbase.dll
0x000007feee360000 - 0x000007feee375000 	C:\Java\javafx\javafx-sdk-15.0.1\bin\vcruntime140.dll
0x000007fede440000 - 0x000007fede4db000 	C:\Java\javafx\javafx-sdk-15.0.1\bin\msvcp140.dll
0x000007feee2e0000 - 0x000007feee303000 	C:\Java\javafx\javafx-sdk-15.0.1\bin\prism_d3d.dll
0x000007feeff10000 - 0x000007fef010f000 	C:\Windows\system32\d3d9.dll
0x000007fef1910000 - 0x000007fef1917000 	C:\Windows\system32\d3d8thk.dll
0x000007fefb4f0000 - 0x000007fefb508000 	C:\Windows\system32\dwmapi.dll
0x000007fefd510000 - 0x000007fefd54b000 	C:\Windows\system32\WINTRUST.dll
0x000007fefd360000 - 0x000007fefd4cd000 	C:\Windows\system32\CRYPT32.dll
0x000007fefd270000 - 0x000007fefd27f000 	C:\Windows\system32\MSASN1.dll
0x000007fefb920000 - 0x000007fefb976000 	C:\Windows\system32\uxtheme.dll
0x000007fef5840000 - 0x000007fef58c2000 	C:\Windows\system32\nvumdshimx.dll
0x000007fee13b0000 - 0x000007fee1fd0000 	C:\Windows\system32\igdumd64.dll
0x000007fee0310000 - 0x000007fee13a9000 	C:\Windows\system32\nvd3dumx.dll
0x000007feee290000 - 0x000007feee2d5000 	C:\Java\javafx\javafx-sdk-15.0.1\bin\glass.dll
0x000007fefd620000 - 0x000007fefd6b7000 	C:\Windows\system32\COMDLG32.dll
0x000007fefd080000 - 0x000007fefd08f000 	C:\Windows\system32\CRYPTBASE.dll
0x000007fefaf60000 - 0x000007fefaf8c000 	C:\Windows\system32\powrprof.dll
0x0000000180000000 - 0x0000000180044000 	C:\Program Files\Acer\Acer PowerSmart Manager\SysHook.dll

dbghelp: loaded successfully - version: 4.0.5 - missing functions: none
symbol engine: initialized successfully - sym options: 0x614 - pdb path: .;C:\Java\bin;C:\Windows\SYSTEM32;C:\Windows\WinSxS\amd64_microsoft.windows.common-controls_6595b64144ccf1df_6.0.7601.24483_none_e372d88f30fbb845;C:\Program Files\NVIDIA Corporation\CoProcManager;C:\Java\bin\server;C:\Program Files\JetBrains\IntelliJ IDEA 2020.3\bin;C:\Java\javafx\javafx-sdk-15.0.1\bin;C:\Program Files\Acer\Acer PowerSmart Manager;C:\PROGRA~1\MICROS~2\Office14;C:\Windows\WinSxS\amd64_microsoft.vc90.crt_1fc8b3b9a1e18e3b_9.0.30729.6161_none_08e61857a83bc251;C:\Windows\WinSxS\amd64_microsoft.vc90.atl_1fc8b3b9a1e18e3b_9.0.30729.6161_none_0a1fd3a3a768b895;C:\PROGRA~1\COMMON~1\MICROS~1\OFFICE14\Cultures;C:\PROGRA~1\MICROS~2\Office14\1049;C:\Program Files\Internet Explorer;C:\Windows\WinSxS\amd64_microsoft.windows.gdiplus_6595b64144ccf1df_1.1.7601.24542_none_1459e0f08b91b367

VM Arguments:
jvm_args: --module-path=C:\Java\javafx\javafx-sdk-15.0.1\lib --add-modules=javafx.controls,javafx.fxml,javafx.media -javaagent:C:\Program Files\JetBrains\IntelliJ IDEA 2020.3\lib\idea_rt.jar=50295:C:\Program Files\JetBrains\IntelliJ IDEA 2020.3\bin -Dfile.encoding=UTF-8 
java_command: MPlayer
java_class_path (initial): C:\Users\Sasha\IdeaProjects\Player\out\production\Player;C:\Program Files\JetBrains\IntelliJ IDEA 2020.3\plugins\Kotlin\kotlinc\lib\kotlin-stdlib.jar;C:\Program Files\JetBrains\IntelliJ IDEA 2020.3\plugins\Kotlin\kotlinc\lib\kotlin-reflect.jar;C:\Program Files\JetBrains\IntelliJ IDEA 2020.3\plugins\Kotlin\kotlinc\lib\kotlin-test.jar;C:\Program Files\JetBrains\IntelliJ IDEA 2020.3\plugins\Kotlin\kotlinc\lib\kotlin-stdlib-jdk7.jar;C:\Program Files\JetBrains\IntelliJ IDEA 2020.3\plugins\Kotlin\kotlinc\lib\kotlin-stdlib-jdk8.jar;C:\Java\javafx\javafx-sdk-15.0.1\lib\src.zip;C:\Java\javafx\javafx-sdk-15.0.1\lib\javafx-swt.jar;C:\Java\javafx\javafx-sdk-15.0.1\lib\javafx.web.jar;C:\Java\javafx\javafx-sdk-15.0.1\lib\javafx.base.jar;C:\Java\javafx\javafx-sdk-15.0.1\lib\javafx.fxml.jar;C:\Java\javafx\javafx-sdk-15.0.1\lib\javafx.media.jar;C:\Java\javafx\javafx-sdk-15.0.1\lib\javafx.swing.jar;C:\Java\javafx\javafx-sdk-15.0.1\lib\javafx.controls.jar;C:\Java\javafx\javafx-sdk-15.0.1\lib\javafx.graphics.jar
Launcher Type: SUN_STANDARD

[Global flags]
     intx CICompilerCount                          = 3                                         {product} {ergonomic}
     uint ConcGCThreads                            = 1                                         {product} {ergonomic}
     uint G1ConcRefinementThreads                  = 4                                         {product} {ergonomic}
   size_t G1HeapRegionSize                         = 1048576                                   {product} {ergonomic}
    uintx GCDrainStackTargetSize                   = 64                                        {product} {ergonomic}
   size_t InitialHeapSize                          = 132120576                                 {product} {ergonomic}
   size_t MarkStackSize                            = 4194304                                   {product} {ergonomic}
   size_t MaxHeapSize                              = 2109734912                                {product} {ergonomic}
   size_t MaxNewSize                               = 1265631232                                {product} {ergonomic}
   size_t MinHeapDeltaBytes                        = 1048576                                   {product} {ergonomic}
   size_t MinHeapSize                              = 8388608                                   {product} {ergonomic}
    uintx NonNMethodCodeHeapSize                   = 5832780                                {pd product} {ergonomic}
    uintx NonProfiledCodeHeapSize                  = 122912730                              {pd product} {ergonomic}
    uintx ProfiledCodeHeapSize                     = 122912730                              {pd product} {ergonomic}
    uintx ReservedCodeCacheSize                    = 251658240                              {pd product} {ergonomic}
     bool SegmentedCodeCache                       = true                                      {product} {ergonomic}
   size_t SoftMaxHeapSize                          = 2109734912                             {manageable} {ergonomic}
     bool UseCompressedClassPointers               = true                                 {lp64_product} {ergonomic}
     bool UseCompressedOops                        = true                                 {lp64_product} {ergonomic}
     bool UseG1GC                                  = true                                      {product} {ergonomic}
     bool UseLargePagesIndividualAllocation        = false                                  {pd product} {ergonomic}

Logging:
Log output configuration:
 #0: stdout all=warning uptime,level,tags
 #1: stderr all=off uptime,level,tags

Environment Variables:
JAVA_HOME=C:\Program Files\Android\Jdk\microsoft_dist_openjdk_1.8.0.25
PATH=C:\Windows\system32;C:\Windows;C:\Windows\System32\Wbem;C:\Windows\System32\WindowsPowerShell\v1.0\;C:\Program Files\Intel\WiFi\bin\;C:\Program Files\Common Files\Intel\WirelessCommon\;C:\Program Files (x86)\Intel\OpenCL SDK\2.0\bin\x86;C:\Program Files (x86)\Intel\OpenCL SDK\2.0\bin\x64;C:\Program Files (x86)\NVIDIA Corporation\PhysX\Common;C:\Program Files\dotnet\;C:\Program Files\Common Files\Autodesk Shared\;C:\Program Files\Microsoft SQL Server\120\Tools\Binn\;C:\Program Files\Symfony;C:\Users\Sasha\AppData\Local\Programs\Microsoft VS Code\bin;C:\Users\Sasha\AppData\Local\GitHubDesktop\bin;C:\Users\Sasha\AppData\Local\Programs\Git\cmd;C:\php;C:\Users\Sasha\AppData\Local\ComposerSetup\bin;C:\Users\Sasha\AppData\Roaming\Composer\vendor\bin
USERNAME=Sasha
OS=Windows_NT
PROCESSOR_IDENTIFIER=Intel64 Family 6 Model 42 Stepping 7, GenuineIntel



---------------  S Y S T E M  ---------------

OS:
 Windows 7 , 64 bit Build 7601 (6.1.7601.24548)
OS uptime: 1 days 13:59 hours

CPU: total 4 (initial active 4) (2 cores per cpu, 2 threads per core) family 6 model 42 stepping 7 microcode 0x0, cmov, cx8, fxsr, mmx, sse, sse2, sse3, ssse3, sse4.1, sse4.2, popcnt, vzeroupper, avx, aes, clmul, ht, tsc, tscinvbit, clflush

Memory: 4k page, system-wide physical 8043M (1068M free)
TotalPageFile size 8042M (AvailPageFile size 19M)
current process WorkingSet (physical memory assigned to process): 167M, peak: 167M
current process commit charge ("private bytes"): 295M, peak: 465M

vm_info: OpenJDK 64-Bit Server VM (15.0.1+9-18) for windows-amd64 JRE (15.0.1+9-18), built on Sep 15 2020 14:39:31 by "mach5one" with unknown MS VC++:1925

END.
